{"C:\\Users\\rodri\\OneDrive\\Documentos\\Utng\\Cuatrimestre10\\Desarrrollo Mobil\\flashgram\\backend-paws\\src\\controllers\\alertaController.js": {"path":"C:\\Users\\rodri\\OneDrive\\Documentos\\Utng\\Cuatrimestre10\\Desarrrollo Mobil\\flashgram\\backend-paws\\src\\controllers\\alertaController.js","statementMap":{"0":{"start":{"line":1,"column":11},"end":{"line":1,"column":33}},"1":{"start":{"line":2,"column":20},"end":{"line":2,"column":51}},"2":{"start":{"line":7,"column":4},"end":{"line":20,"column":16}},"3":{"start":{"line":8,"column":24},"end":{"line":8,"column":67}},"4":{"start":{"line":9,"column":8},"end":{"line":19,"column":10}},"5":{"start":{"line":25,"column":37},"end":{"line":262,"column":1}},"6":{"start":{"line":26,"column":4},"end":{"line":261,"column":5}},"7":{"start":{"line":27,"column":43},"end":{"line":29,"column":9}},"8":{"start":{"line":31,"column":8},"end":{"line":34,"column":9}},"9":{"start":{"line":32,"column":12},"end":{"line":32,"column":61}},"10":{"start":{"line":33,"column":12},"end":{"line":33,"column":82}},"11":{"start":{"line":36,"column":33},"end":{"line":36,"column":67}},"12":{"start":{"line":37,"column":25},"end":{"line":245,"column":8}},"13":{"start":{"line":247,"column":28},"end":{"line":252,"column":9}},"14":{"start":{"line":254,"column":8},"end":{"line":254,"column":48}},"15":{"start":{"line":255,"column":8},"end":{"line":255,"column":71}},"16":{"start":{"line":256,"column":8},"end":{"line":256,"column":113}},"17":{"start":{"line":259,"column":8},"end":{"line":259,"column":68}},"18":{"start":{"line":260,"column":8},"end":{"line":260,"column":95}},"19":{"start":{"line":266,"column":26},"end":{"line":276,"column":1}},"20":{"start":{"line":267,"column":4},"end":{"line":267,"column":61}},"21":{"start":{"line":269,"column":22},"end":{"line":269,"column":58}},"22":{"start":{"line":271,"column":4},"end":{"line":275,"column":5}},"23":{"start":{"line":272,"column":8},"end":{"line":272,"column":40}},"24":{"start":{"line":274,"column":8},"end":{"line":274,"column":40}},"25":{"start":{"line":280,"column":0},"end":{"line":283,"column":2}}},"fnMap":{"0":{"name":"generarFilasHtml","decl":{"start":{"line":6,"column":9},"end":{"line":6,"column":25}},"loc":{"start":{"line":6,"column":36},"end":{"line":21,"column":1}},"line":6},"1":{"name":"(anonymous_1)","decl":{"start":{"line":7,"column":24},"end":{"line":7,"column":25}},"loc":{"start":{"line":7,"column":35},"end":{"line":20,"column":5}},"line":7},"2":{"name":"(anonymous_2)","decl":{"start":{"line":25,"column":37},"end":{"line":25,"column":38}},"loc":{"start":{"line":25,"column":49},"end":{"line":262,"column":1}},"line":25},"3":{"name":"(anonymous_3)","decl":{"start":{"line":266,"column":26},"end":{"line":266,"column":27}},"loc":{"start":{"line":266,"column":46},"end":{"line":276,"column":1}},"line":266}},"branchMap":{"0":{"loc":{"start":{"line":31,"column":8},"end":{"line":34,"column":9}},"type":"if","locations":[{"start":{"line":31,"column":8},"end":{"line":34,"column":9}},{"start":{},"end":{}}],"line":31},"1":{"loc":{"start":{"line":271,"column":4},"end":{"line":275,"column":5}},"type":"if","locations":[{"start":{"line":271,"column":4},"end":{"line":275,"column":5}},{"start":{"line":273,"column":11},"end":{"line":275,"column":5}}],"line":271}},"s":{"0":0,"1":0,"2":0,"3":0,"4":0,"5":0,"6":0,"7":0,"8":0,"9":0,"10":0,"11":0,"12":0,"13":0,"14":0,"15":0,"16":0,"17":0,"18":0,"19":0,"20":0,"21":0,"22":0,"23":0,"24":0,"25":0},"f":{"0":0,"1":0,"2":0,"3":0},"b":{"0":[0,0],"1":[0,0]}}
,"C:\\Users\\rodri\\OneDrive\\Documentos\\Utng\\Cuatrimestre10\\Desarrrollo Mobil\\flashgram\\backend-paws\\src\\controllers\\authController.js": {"path":"C:\\Users\\rodri\\OneDrive\\Documentos\\Utng\\Cuatrimestre10\\Desarrrollo Mobil\\flashgram\\backend-paws\\src\\controllers\\authController.js","statementMap":{"0":{"start":{"line":1,"column":12},"end":{"line":1,"column":35}},"1":{"start":{"line":2,"column":15},"end":{"line":2,"column":34}},"2":{"start":{"line":3,"column":19},"end":{"line":3,"column":40}},"3":{"start":{"line":4,"column":11},"end":{"line":4,"column":33}},"4":{"start":{"line":5,"column":22},"end":{"line":5,"column":61}},"5":{"start":{"line":6,"column":27},"end":{"line":6,"column":58}},"6":{"start":{"line":9,"column":20},"end":{"line":18,"column":2}},"7":{"start":{"line":21,"column":0},"end":{"line":76,"column":2}},"8":{"start":{"line":23,"column":22},"end":{"line":23,"column":75}},"9":{"start":{"line":24,"column":4},"end":{"line":26,"column":5}},"10":{"start":{"line":25,"column":8},"end":{"line":25,"column":75}},"11":{"start":{"line":28,"column":22},"end":{"line":28,"column":30}},"12":{"start":{"line":29,"column":4},"end":{"line":75,"column":5}},"13":{"start":{"line":30,"column":23},"end":{"line":30,"column":89}},"14":{"start":{"line":31,"column":21},"end":{"line":31,"column":35}},"15":{"start":{"line":33,"column":8},"end":{"line":35,"column":9}},"16":{"start":{"line":34,"column":12},"end":{"line":34,"column":133}},"17":{"start":{"line":37,"column":22},"end":{"line":37,"column":92}},"18":{"start":{"line":38,"column":24},"end":{"line":38,"column":54}},"19":{"start":{"line":40,"column":8},"end":{"line":41,"column":39}},"20":{"start":{"line":43,"column":28},"end":{"line":48,"column":9}},"21":{"start":{"line":50,"column":8},"end":{"line":50,"column":48}},"22":{"start":{"line":52,"column":34},"end":{"line":61,"column":9}},"23":{"start":{"line":62,"column":8},"end":{"line":62,"column":54}},"24":{"start":{"line":65,"column":8},"end":{"line":65,"column":34}},"25":{"start":{"line":66,"column":8},"end":{"line":66,"column":56}},"26":{"start":{"line":69,"column":8},"end":{"line":69,"column":53}},"27":{"start":{"line":71,"column":8},"end":{"line":71,"column":107}},"28":{"start":{"line":73,"column":8},"end":{"line":73,"column":57}},"29":{"start":{"line":74,"column":8},"end":{"line":74,"column":73}},"30":{"start":{"line":79,"column":0},"end":{"line":125,"column":2}},"31":{"start":{"line":81,"column":22},"end":{"line":81,"column":74}},"32":{"start":{"line":82,"column":4},"end":{"line":84,"column":5}},"33":{"start":{"line":83,"column":8},"end":{"line":83,"column":75}},"34":{"start":{"line":86,"column":22},"end":{"line":86,"column":32}},"35":{"start":{"line":87,"column":28},"end":{"line":87,"column":36}},"36":{"start":{"line":89,"column":4},"end":{"line":124,"column":5}},"37":{"start":{"line":90,"column":23},"end":{"line":90,"column":139}},"38":{"start":{"line":92,"column":8},"end":{"line":94,"column":9}},"39":{"start":{"line":93,"column":12},"end":{"line":93,"column":92}},"40":{"start":{"line":96,"column":21},"end":{"line":96,"column":35}},"41":{"start":{"line":97,"column":31},"end":{"line":97,"column":65}},"42":{"start":{"line":99,"column":8},"end":{"line":100,"column":39}},"43":{"start":{"line":103,"column":8},"end":{"line":103,"column":34}},"44":{"start":{"line":104,"column":8},"end":{"line":104,"column":47}},"45":{"start":{"line":107,"column":8},"end":{"line":107,"column":53}},"46":{"start":{"line":108,"column":34},"end":{"line":116,"column":9}},"47":{"start":{"line":117,"column":8},"end":{"line":117,"column":54}},"48":{"start":{"line":119,"column":8},"end":{"line":119,"column":83}},"49":{"start":{"line":122,"column":8},"end":{"line":122,"column":56}},"50":{"start":{"line":123,"column":8},"end":{"line":123,"column":73}},"51":{"start":{"line":127,"column":18},"end":{"line":127,"column":38}},"52":{"start":{"line":130,"column":0},"end":{"line":186,"column":2}},"53":{"start":{"line":131,"column":32},"end":{"line":131,"column":40}},"54":{"start":{"line":133,"column":4},"end":{"line":185,"column":5}},"55":{"start":{"line":134,"column":23},"end":{"line":134,"column":89}},"56":{"start":{"line":135,"column":21},"end":{"line":135,"column":35}},"57":{"start":{"line":137,"column":8},"end":{"line":139,"column":9}},"58":{"start":{"line":138,"column":12},"end":{"line":138,"column":80}},"59":{"start":{"line":142,"column":33},"end":{"line":142,"column":87}},"60":{"start":{"line":143,"column":24},"end":{"line":143,"column":53}},"61":{"start":{"line":145,"column":8},"end":{"line":148,"column":10}},"62":{"start":{"line":150,"column":28},"end":{"line":155,"column":9}},"63":{"start":{"line":157,"column":8},"end":{"line":173,"column":9}},"64":{"start":{"line":158,"column":12},"end":{"line":158,"column":52}},"65":{"start":{"line":159,"column":12},"end":{"line":164,"column":15}},"66":{"start":{"line":166,"column":12},"end":{"line":166,"column":78}},"67":{"start":{"line":167,"column":12},"end":{"line":172,"column":15}},"68":{"start":{"line":176,"column":8},"end":{"line":176,"column":34}},"69":{"start":{"line":177,"column":8},"end":{"line":177,"column":47}},"70":{"start":{"line":180,"column":8},"end":{"line":180,"column":53}},"71":{"start":{"line":183,"column":8},"end":{"line":183,"column":48}},"72":{"start":{"line":184,"column":8},"end":{"line":184,"column":73}},"73":{"start":{"line":190,"column":0},"end":{"line":250,"column":2}},"74":{"start":{"line":191,"column":22},"end":{"line":191,"column":71}},"75":{"start":{"line":192,"column":4},"end":{"line":192,"column":82}},"76":{"start":{"line":192,"column":15},"end":{"line":192,"column":82}},"77":{"start":{"line":194,"column":29},"end":{"line":194,"column":37}},"78":{"start":{"line":196,"column":4},"end":{"line":249,"column":5}},"79":{"start":{"line":197,"column":23},"end":{"line":197,"column":87}},"80":{"start":{"line":198,"column":21},"end":{"line":198,"column":35}},"81":{"start":{"line":200,"column":8},"end":{"line":200,"column":86}},"82":{"start":{"line":200,"column":19},"end":{"line":200,"column":86}},"83":{"start":{"line":202,"column":20},"end":{"line":202,"column":30}},"84":{"start":{"line":206,"column":12},"end":{"line":206,"column":83}},"85":{"start":{"line":209,"column":28},"end":{"line":216,"column":19}},"86":{"start":{"line":218,"column":8},"end":{"line":220,"column":9}},"87":{"start":{"line":219,"column":12},"end":{"line":219,"column":84}},"88":{"start":{"line":224,"column":8},"end":{"line":224,"column":90}},"89":{"start":{"line":229,"column":22},"end":{"line":229,"column":92}},"90":{"start":{"line":232,"column":8},"end":{"line":237,"column":9}},"91":{"start":{"line":233,"column":12},"end":{"line":236,"column":14}},"92":{"start":{"line":239,"column":23},"end":{"line":239,"column":53}},"93":{"start":{"line":240,"column":8},"end":{"line":244,"column":11}},"94":{"start":{"line":247,"column":8},"end":{"line":247,"column":53}},"95":{"start":{"line":248,"column":8},"end":{"line":248,"column":73}},"96":{"start":{"line":254,"column":0},"end":{"line":271,"column":2}},"97":{"start":{"line":256,"column":19},"end":{"line":256,"column":30}},"98":{"start":{"line":258,"column":4},"end":{"line":260,"column":5}},"99":{"start":{"line":259,"column":8},"end":{"line":259,"column":102}},"100":{"start":{"line":262,"column":4},"end":{"line":270,"column":5}},"101":{"start":{"line":264,"column":8},"end":{"line":264,"column":91}},"102":{"start":{"line":266,"column":8},"end":{"line":266,"column":74}},"103":{"start":{"line":268,"column":8},"end":{"line":268,"column":49}},"104":{"start":{"line":269,"column":8},"end":{"line":269,"column":73}}},"fnMap":{"0":{"name":"(anonymous_0)","decl":{"start":{"line":21,"column":25},"end":{"line":21,"column":26}},"loc":{"start":{"line":21,"column":45},"end":{"line":76,"column":1}},"line":21},"1":{"name":"(anonymous_1)","decl":{"start":{"line":79,"column":24},"end":{"line":79,"column":25}},"loc":{"start":{"line":79,"column":44},"end":{"line":125,"column":1}},"line":79},"2":{"name":"(anonymous_2)","decl":{"start":{"line":130,"column":16},"end":{"line":130,"column":17}},"loc":{"start":{"line":130,"column":36},"end":{"line":186,"column":1}},"line":130},"3":{"name":"(anonymous_3)","decl":{"start":{"line":190,"column":21},"end":{"line":190,"column":22}},"loc":{"start":{"line":190,"column":41},"end":{"line":250,"column":1}},"line":190},"4":{"name":"(anonymous_4)","decl":{"start":{"line":254,"column":17},"end":{"line":254,"column":18}},"loc":{"start":{"line":254,"column":37},"end":{"line":271,"column":1}},"line":254}},"branchMap":{"0":{"loc":{"start":{"line":24,"column":4},"end":{"line":26,"column":5}},"type":"if","locations":[{"start":{"line":24,"column":4},"end":{"line":26,"column":5}},{"start":{},"end":{}}],"line":24},"1":{"loc":{"start":{"line":33,"column":8},"end":{"line":35,"column":9}},"type":"if","locations":[{"start":{"line":33,"column":8},"end":{"line":35,"column":9}},{"start":{},"end":{}}],"line":33},"2":{"loc":{"start":{"line":82,"column":4},"end":{"line":84,"column":5}},"type":"if","locations":[{"start":{"line":82,"column":4},"end":{"line":84,"column":5}},{"start":{},"end":{}}],"line":82},"3":{"loc":{"start":{"line":92,"column":8},"end":{"line":94,"column":9}},"type":"if","locations":[{"start":{"line":92,"column":8},"end":{"line":94,"column":9}},{"start":{},"end":{}}],"line":92},"4":{"loc":{"start":{"line":137,"column":8},"end":{"line":139,"column":9}},"type":"if","locations":[{"start":{"line":137,"column":8},"end":{"line":139,"column":9}},{"start":{},"end":{}}],"line":137},"5":{"loc":{"start":{"line":137,"column":12},"end":{"line":137,"column":69}},"type":"binary-expr","locations":[{"start":{"line":137,"column":12},"end":{"line":137,"column":17}},{"start":{"line":137,"column":21},"end":{"line":137,"column":69}}],"line":137},"6":{"loc":{"start":{"line":192,"column":4},"end":{"line":192,"column":82}},"type":"if","locations":[{"start":{"line":192,"column":4},"end":{"line":192,"column":82}},{"start":{},"end":{}}],"line":192},"7":{"loc":{"start":{"line":200,"column":8},"end":{"line":200,"column":86}},"type":"if","locations":[{"start":{"line":200,"column":8},"end":{"line":200,"column":86}},{"start":{},"end":{}}],"line":200},"8":{"loc":{"start":{"line":206,"column":12},"end":{"line":206,"column":83}},"type":"binary-expr","locations":[{"start":{"line":206,"column":12},"end":{"line":206,"column":43}},{"start":{"line":206,"column":47},"end":{"line":206,"column":83}}],"line":206},"9":{"loc":{"start":{"line":209,"column":28},"end":{"line":216,"column":19}},"type":"cond-expr","locations":[{"start":{"line":210,"column":14},"end":{"line":215,"column":16}},{"start":{"line":216,"column":14},"end":{"line":216,"column":19}}],"line":209},"10":{"loc":{"start":{"line":218,"column":8},"end":{"line":220,"column":9}},"type":"if","locations":[{"start":{"line":218,"column":8},"end":{"line":220,"column":9}},{"start":{},"end":{}}],"line":218},"11":{"loc":{"start":{"line":218,"column":12},"end":{"line":218,"column":40}},"type":"binary-expr","locations":[{"start":{"line":218,"column":12},"end":{"line":218,"column":24}},{"start":{"line":218,"column":28},"end":{"line":218,"column":40}}],"line":218},"12":{"loc":{"start":{"line":232,"column":8},"end":{"line":237,"column":9}},"type":"if","locations":[{"start":{"line":232,"column":8},"end":{"line":237,"column":9}},{"start":{},"end":{}}],"line":232},"13":{"loc":{"start":{"line":239,"column":23},"end":{"line":239,"column":53}},"type":"cond-expr","locations":[{"start":{"line":239,"column":37},"end":{"line":239,"column":44}},{"start":{"line":239,"column":47},"end":{"line":239,"column":53}}],"line":239},"14":{"loc":{"start":{"line":258,"column":4},"end":{"line":260,"column":5}},"type":"if","locations":[{"start":{"line":258,"column":4},"end":{"line":260,"column":5}},{"start":{},"end":{}}],"line":258}},"s":{"0":0,"1":0,"2":0,"3":0,"4":0,"5":0,"6":0,"7":0,"8":0,"9":0,"10":0,"11":0,"12":0,"13":0,"14":0,"15":0,"16":0,"17":0,"18":0,"19":0,"20":0,"21":0,"22":0,"23":0,"24":0,"25":0,"26":0,"27":0,"28":0,"29":0,"30":0,"31":0,"32":0,"33":0,"34":0,"35":0,"36":0,"37":0,"38":0,"39":0,"40":0,"41":0,"42":0,"43":0,"44":0,"45":0,"46":0,"47":0,"48":0,"49":0,"50":0,"51":0,"52":0,"53":0,"54":0,"55":0,"56":0,"57":0,"58":0,"59":0,"60":0,"61":0,"62":0,"63":0,"64":0,"65":0,"66":0,"67":0,"68":0,"69":0,"70":0,"71":0,"72":0,"73":0,"74":0,"75":0,"76":0,"77":0,"78":0,"79":0,"80":0,"81":0,"82":0,"83":0,"84":0,"85":0,"86":0,"87":0,"88":0,"89":0,"90":0,"91":0,"92":0,"93":0,"94":0,"95":0,"96":0,"97":0,"98":0,"99":0,"100":0,"101":0,"102":0,"103":0,"104":0},"f":{"0":0,"1":0,"2":0,"3":0,"4":0},"b":{"0":[0,0],"1":[0,0],"2":[0,0],"3":[0,0],"4":[0,0],"5":[0,0],"6":[0,0],"7":[0,0],"8":[0,0],"9":[0,0],"10":[0,0],"11":[0,0],"12":[0,0],"13":[0,0],"14":[0,0]}}
,"C:\\Users\\rodri\\OneDrive\\Documentos\\Utng\\Cuatrimestre10\\Desarrrollo Mobil\\flashgram\\backend-paws\\src\\controllers\\clienteController.js": {"path":"C:\\Users\\rodri\\OneDrive\\Documentos\\Utng\\Cuatrimestre10\\Desarrrollo Mobil\\flashgram\\backend-paws\\src\\controllers\\clienteController.js","statementMap":{"0":{"start":{"line":1,"column":11},"end":{"line":1,"column":33}},"1":{"start":{"line":6,"column":4},"end":{"line":6,"column":45}},"2":{"start":{"line":9,"column":22},"end":{"line":22,"column":1}},"3":{"start":{"line":10,"column":2},"end":{"line":14,"column":3}},"4":{"start":{"line":11,"column":4},"end":{"line":13,"column":7}},"5":{"start":{"line":15,"column":2},"end":{"line":19,"column":3}},"6":{"start":{"line":16,"column":5},"end":{"line":18,"column":7}},"7":{"start":{"line":20,"column":2},"end":{"line":20,"column":23}},"8":{"start":{"line":21,"column":2},"end":{"line":21,"column":74}},"9":{"start":{"line":25,"column":0},"end":{"line":58,"column":2}},"10":{"start":{"line":26,"column":20},"end":{"line":26,"column":57}},"11":{"start":{"line":27,"column":2},"end":{"line":29,"column":3}},"12":{"start":{"line":28,"column":4},"end":{"line":28,"column":71}},"13":{"start":{"line":31,"column":41},"end":{"line":31,"column":49}},"14":{"start":{"line":33,"column":2},"end":{"line":57,"column":3}},"15":{"start":{"line":35,"column":27},"end":{"line":38,"column":5}},"16":{"start":{"line":40,"column":4},"end":{"line":48,"column":5}},"17":{"start":{"line":41,"column":24},"end":{"line":41,"column":46}},"18":{"start":{"line":42,"column":6},"end":{"line":44,"column":7}},"19":{"start":{"line":43,"column":8},"end":{"line":43,"column":107}},"20":{"start":{"line":45,"column":6},"end":{"line":47,"column":7}},"21":{"start":{"line":46,"column":8},"end":{"line":46,"column":111}},"22":{"start":{"line":50,"column":19},"end":{"line":53,"column":5}},"23":{"start":{"line":54,"column":4},"end":{"line":54,"column":41}},"24":{"start":{"line":56,"column":4},"end":{"line":56,"column":30}},"25":{"start":{"line":61,"column":0},"end":{"line":68,"column":2}},"26":{"start":{"line":62,"column":2},"end":{"line":67,"column":3}},"27":{"start":{"line":63,"column":19},"end":{"line":63,"column":79}},"28":{"start":{"line":64,"column":4},"end":{"line":64,"column":38}},"29":{"start":{"line":66,"column":4},"end":{"line":66,"column":30}},"30":{"start":{"line":73,"column":0},"end":{"line":117,"column":2}},"31":{"start":{"line":74,"column":27},"end":{"line":74,"column":65}},"32":{"start":{"line":75,"column":2},"end":{"line":77,"column":3}},"33":{"start":{"line":76,"column":4},"end":{"line":76,"column":71}},"34":{"start":{"line":79,"column":33},"end":{"line":79,"column":38}},"35":{"start":{"line":81,"column":2},"end":{"line":116,"column":3}},"36":{"start":{"line":82,"column":20},"end":{"line":82,"column":44}},"37":{"start":{"line":83,"column":24},"end":{"line":83,"column":26}},"38":{"start":{"line":84,"column":23},"end":{"line":84,"column":25}},"39":{"start":{"line":86,"column":4},"end":{"line":89,"column":5}},"40":{"start":{"line":87,"column":6},"end":{"line":87,"column":35}},"41":{"start":{"line":88,"column":6},"end":{"line":88,"column":61}},"42":{"start":{"line":91,"column":4},"end":{"line":94,"column":5}},"43":{"start":{"line":92,"column":6},"end":{"line":92,"column":38}},"44":{"start":{"line":93,"column":6},"end":{"line":93,"column":61}},"45":{"start":{"line":98,"column":4},"end":{"line":100,"column":5}},"46":{"start":{"line":99,"column":6},"end":{"line":99,"column":55}},"47":{"start":{"line":102,"column":4},"end":{"line":102,"column":40}},"48":{"start":{"line":105,"column":19},"end":{"line":105,"column":57}},"49":{"start":{"line":109,"column":4},"end":{"line":111,"column":5}},"50":{"start":{"line":110,"column":6},"end":{"line":110,"column":73}},"51":{"start":{"line":113,"column":4},"end":{"line":113,"column":38}},"52":{"start":{"line":115,"column":4},"end":{"line":115,"column":30}},"53":{"start":{"line":120,"column":0},"end":{"line":160,"column":2}},"54":{"start":{"line":121,"column":53},"end":{"line":121,"column":61}},"55":{"start":{"line":122,"column":2},"end":{"line":124,"column":3}},"56":{"start":{"line":123,"column":5},"end":{"line":123,"column":99}},"57":{"start":{"line":125,"column":20},"end":{"line":125,"column":84}},"58":{"start":{"line":126,"column":2},"end":{"line":128,"column":3}},"59":{"start":{"line":127,"column":4},"end":{"line":127,"column":71}},"60":{"start":{"line":130,"column":2},"end":{"line":159,"column":3}},"61":{"start":{"line":132,"column":4},"end":{"line":140,"column":5}},"62":{"start":{"line":133,"column":23},"end":{"line":136,"column":7}},"63":{"start":{"line":137,"column":6},"end":{"line":139,"column":7}},"64":{"start":{"line":138,"column":8},"end":{"line":138,"column":112}},"65":{"start":{"line":142,"column":19},"end":{"line":142,"column":95}},"66":{"start":{"line":143,"column":4},"end":{"line":145,"column":5}},"67":{"start":{"line":144,"column":6},"end":{"line":144,"column":73}},"68":{"start":{"line":147,"column":26},"end":{"line":147,"column":40}},"69":{"start":{"line":148,"column":30},"end":{"line":148,"column":82}},"70":{"start":{"line":149,"column":32},"end":{"line":149,"column":90}},"71":{"start":{"line":150,"column":32},"end":{"line":150,"column":90}},"72":{"start":{"line":152,"column":19},"end":{"line":155,"column":5}},"73":{"start":{"line":156,"column":4},"end":{"line":156,"column":41}},"74":{"start":{"line":158,"column":4},"end":{"line":158,"column":30}},"75":{"start":{"line":163,"column":0},"end":{"line":177,"column":2}},"76":{"start":{"line":164,"column":25},"end":{"line":164,"column":33}},"77":{"start":{"line":165,"column":2},"end":{"line":167,"column":3}},"78":{"start":{"line":166,"column":5},"end":{"line":166,"column":83}},"79":{"start":{"line":168,"column":2},"end":{"line":176,"column":3}},"80":{"start":{"line":169,"column":19},"end":{"line":169,"column":105}},"81":{"start":{"line":170,"column":4},"end":{"line":172,"column":5}},"82":{"start":{"line":171,"column":6},"end":{"line":171,"column":73}},"83":{"start":{"line":173,"column":4},"end":{"line":173,"column":98}},"84":{"start":{"line":175,"column":4},"end":{"line":175,"column":30}}},"fnMap":{"0":{"name":"(anonymous_0)","decl":{"start":{"line":9,"column":22},"end":{"line":9,"column":23}},"loc":{"start":{"line":9,"column":38},"end":{"line":22,"column":1}},"line":9},"1":{"name":"(anonymous_1)","decl":{"start":{"line":25,"column":23},"end":{"line":25,"column":24}},"loc":{"start":{"line":25,"column":43},"end":{"line":58,"column":1}},"line":25},"2":{"name":"(anonymous_2)","decl":{"start":{"line":61,"column":26},"end":{"line":61,"column":27}},"loc":{"start":{"line":61,"column":46},"end":{"line":68,"column":1}},"line":61},"3":{"name":"(anonymous_3)","decl":{"start":{"line":73,"column":30},"end":{"line":73,"column":31}},"loc":{"start":{"line":73,"column":50},"end":{"line":117,"column":1}},"line":73},"4":{"name":"(anonymous_4)","decl":{"start":{"line":120,"column":28},"end":{"line":120,"column":29}},"loc":{"start":{"line":120,"column":48},"end":{"line":160,"column":1}},"line":120},"5":{"name":"(anonymous_5)","decl":{"start":{"line":163,"column":26},"end":{"line":163,"column":27}},"loc":{"start":{"line":163,"column":46},"end":{"line":177,"column":1}},"line":163}},"branchMap":{"0":{"loc":{"start":{"line":10,"column":2},"end":{"line":14,"column":3}},"type":"if","locations":[{"start":{"line":10,"column":2},"end":{"line":14,"column":3}},{"start":{},"end":{}}],"line":10},"1":{"loc":{"start":{"line":15,"column":2},"end":{"line":19,"column":3}},"type":"if","locations":[{"start":{"line":15,"column":2},"end":{"line":19,"column":3}},{"start":{},"end":{}}],"line":15},"2":{"loc":{"start":{"line":27,"column":2},"end":{"line":29,"column":3}},"type":"if","locations":[{"start":{"line":27,"column":2},"end":{"line":29,"column":3}},{"start":{},"end":{}}],"line":27},"3":{"loc":{"start":{"line":40,"column":4},"end":{"line":48,"column":5}},"type":"if","locations":[{"start":{"line":40,"column":4},"end":{"line":48,"column":5}},{"start":{},"end":{}}],"line":40},"4":{"loc":{"start":{"line":42,"column":6},"end":{"line":44,"column":7}},"type":"if","locations":[{"start":{"line":42,"column":6},"end":{"line":44,"column":7}},{"start":{},"end":{}}],"line":42},"5":{"loc":{"start":{"line":45,"column":6},"end":{"line":47,"column":7}},"type":"if","locations":[{"start":{"line":45,"column":6},"end":{"line":47,"column":7}},{"start":{},"end":{}}],"line":45},"6":{"loc":{"start":{"line":75,"column":2},"end":{"line":77,"column":3}},"type":"if","locations":[{"start":{"line":75,"column":2},"end":{"line":77,"column":3}},{"start":{},"end":{}}],"line":75},"7":{"loc":{"start":{"line":86,"column":4},"end":{"line":89,"column":5}},"type":"if","locations":[{"start":{"line":86,"column":4},"end":{"line":89,"column":5}},{"start":{},"end":{}}],"line":86},"8":{"loc":{"start":{"line":91,"column":4},"end":{"line":94,"column":5}},"type":"if","locations":[{"start":{"line":91,"column":4},"end":{"line":94,"column":5}},{"start":{},"end":{}}],"line":91},"9":{"loc":{"start":{"line":98,"column":4},"end":{"line":100,"column":5}},"type":"if","locations":[{"start":{"line":98,"column":4},"end":{"line":100,"column":5}},{"start":{},"end":{}}],"line":98},"10":{"loc":{"start":{"line":109,"column":4},"end":{"line":111,"column":5}},"type":"if","locations":[{"start":{"line":109,"column":4},"end":{"line":111,"column":5}},{"start":{},"end":{}}],"line":109},"11":{"loc":{"start":{"line":109,"column":8},"end":{"line":109,"column":55}},"type":"binary-expr","locations":[{"start":{"line":109,"column":8},"end":{"line":109,"column":29}},{"start":{"line":109,"column":34},"end":{"line":109,"column":44}},{"start":{"line":109,"column":48},"end":{"line":109,"column":54}}],"line":109},"12":{"loc":{"start":{"line":122,"column":2},"end":{"line":124,"column":3}},"type":"if","locations":[{"start":{"line":122,"column":2},"end":{"line":124,"column":3}},{"start":{},"end":{}}],"line":122},"13":{"loc":{"start":{"line":126,"column":2},"end":{"line":128,"column":3}},"type":"if","locations":[{"start":{"line":126,"column":2},"end":{"line":128,"column":3}},{"start":{},"end":{}}],"line":126},"14":{"loc":{"start":{"line":132,"column":4},"end":{"line":140,"column":5}},"type":"if","locations":[{"start":{"line":132,"column":4},"end":{"line":140,"column":5}},{"start":{},"end":{}}],"line":132},"15":{"loc":{"start":{"line":132,"column":8},"end":{"line":132,"column":26}},"type":"binary-expr","locations":[{"start":{"line":132,"column":8},"end":{"line":132,"column":14}},{"start":{"line":132,"column":18},"end":{"line":132,"column":26}}],"line":132},"16":{"loc":{"start":{"line":137,"column":6},"end":{"line":139,"column":7}},"type":"if","locations":[{"start":{"line":137,"column":6},"end":{"line":139,"column":7}},{"start":{},"end":{}}],"line":137},"17":{"loc":{"start":{"line":143,"column":4},"end":{"line":145,"column":5}},"type":"if","locations":[{"start":{"line":143,"column":4},"end":{"line":145,"column":5}},{"start":{},"end":{}}],"line":143},"18":{"loc":{"start":{"line":148,"column":30},"end":{"line":148,"column":82}},"type":"cond-expr","locations":[{"start":{"line":148,"column":53},"end":{"line":148,"column":59}},{"start":{"line":148,"column":62},"end":{"line":148,"column":82}}],"line":148},"19":{"loc":{"start":{"line":149,"column":32},"end":{"line":149,"column":90}},"type":"cond-expr","locations":[{"start":{"line":149,"column":57},"end":{"line":149,"column":65}},{"start":{"line":149,"column":68},"end":{"line":149,"column":90}}],"line":149},"20":{"loc":{"start":{"line":150,"column":32},"end":{"line":150,"column":90}},"type":"cond-expr","locations":[{"start":{"line":150,"column":57},"end":{"line":150,"column":65}},{"start":{"line":150,"column":68},"end":{"line":150,"column":90}}],"line":150},"21":{"loc":{"start":{"line":165,"column":2},"end":{"line":167,"column":3}},"type":"if","locations":[{"start":{"line":165,"column":2},"end":{"line":167,"column":3}},{"start":{},"end":{}}],"line":165},"22":{"loc":{"start":{"line":170,"column":4},"end":{"line":172,"column":5}},"type":"if","locations":[{"start":{"line":170,"column":4},"end":{"line":172,"column":5}},{"start":{},"end":{}}],"line":170}},"s":{"0":0,"1":0,"2":0,"3":0,"4":0,"5":0,"6":0,"7":0,"8":0,"9":0,"10":0,"11":0,"12":0,"13":0,"14":0,"15":0,"16":0,"17":0,"18":0,"19":0,"20":0,"21":0,"22":0,"23":0,"24":0,"25":0,"26":0,"27":0,"28":0,"29":0,"30":0,"31":0,"32":0,"33":0,"34":0,"35":0,"36":0,"37":0,"38":0,"39":0,"40":0,"41":0,"42":0,"43":0,"44":0,"45":0,"46":0,"47":0,"48":0,"49":0,"50":0,"51":0,"52":0,"53":0,"54":0,"55":0,"56":0,"57":0,"58":0,"59":0,"60":0,"61":0,"62":0,"63":0,"64":0,"65":0,"66":0,"67":0,"68":0,"69":0,"70":0,"71":0,"72":0,"73":0,"74":0,"75":0,"76":0,"77":0,"78":0,"79":0,"80":0,"81":0,"82":0,"83":0,"84":0},"f":{"0":0,"1":0,"2":0,"3":0,"4":0,"5":0},"b":{"0":[0,0],"1":[0,0],"2":[0,0],"3":[0,0],"4":[0,0],"5":[0,0],"6":[0,0],"7":[0,0],"8":[0,0],"9":[0,0],"10":[0,0],"11":[0,0,0],"12":[0,0],"13":[0,0],"14":[0,0],"15":[0,0],"16":[0,0],"17":[0,0],"18":[0,0],"19":[0,0],"20":[0,0],"21":[0,0],"22":[0,0]}}
,"C:\\Users\\rodri\\OneDrive\\Documentos\\Utng\\Cuatrimestre10\\Desarrrollo Mobil\\flashgram\\backend-paws\\src\\controllers\\locationController.js": {"path":"C:\\Users\\rodri\\OneDrive\\Documentos\\Utng\\Cuatrimestre10\\Desarrrollo Mobil\\flashgram\\backend-paws\\src\\controllers\\locationController.js","statementMap":{"0":{"start":{"line":3,"column":11},"end":{"line":3,"column":33}},"1":{"start":{"line":4,"column":19},"end":{"line":4,"column":65}},"2":{"start":{"line":5,"column":41},"end":{"line":5,"column":84}},"3":{"start":{"line":9,"column":23},"end":{"line":9,"column":49}},"4":{"start":{"line":10,"column":19},"end":{"line":10,"column":33}},"5":{"start":{"line":17,"column":20},"end":{"line":28,"column":1}},"6":{"start":{"line":19,"column":22},"end":{"line":19,"column":84}},"7":{"start":{"line":22,"column":4},"end":{"line":25,"column":5}},"8":{"start":{"line":23,"column":8},"end":{"line":23,"column":92}},"9":{"start":{"line":24,"column":8},"end":{"line":24,"column":25}},"10":{"start":{"line":27,"column":4},"end":{"line":27,"column":42}},"11":{"start":{"line":37,"column":0},"end":{"line":128,"column":2}},"12":{"start":{"line":39,"column":4},"end":{"line":127,"column":5}},"13":{"start":{"line":41,"column":26},"end":{"line":41,"column":107}},"14":{"start":{"line":43,"column":8},"end":{"line":47,"column":9}},"15":{"start":{"line":44,"column":12},"end":{"line":44,"column":31}},"16":{"start":{"line":46,"column":12},"end":{"line":46,"column":20}},"17":{"start":{"line":49,"column":39},"end":{"line":49,"column":47}},"18":{"start":{"line":50,"column":25},"end":{"line":50,"column":41}},"19":{"start":{"line":53,"column":26},"end":{"line":53,"column":51}},"20":{"start":{"line":55,"column":8},"end":{"line":58,"column":9}},"21":{"start":{"line":56,"column":12},"end":{"line":56,"column":96}},"22":{"start":{"line":57,"column":12},"end":{"line":57,"column":20}},"23":{"start":{"line":60,"column":8},"end":{"line":105,"column":9}},"24":{"start":{"line":66,"column":32},"end":{"line":73,"column":14}},"25":{"start":{"line":75,"column":12},"end":{"line":80,"column":13}},"26":{"start":{"line":76,"column":16},"end":{"line":76,"column":52}},"27":{"start":{"line":77,"column":16},"end":{"line":77,"column":52}},"28":{"start":{"line":79,"column":16},"end":{"line":79,"column":91}},"29":{"start":{"line":87,"column":38},"end":{"line":92,"column":14}},"30":{"start":{"line":94,"column":12},"end":{"line":99,"column":13}},"31":{"start":{"line":96,"column":16},"end":{"line":96,"column":82}},"32":{"start":{"line":98,"column":16},"end":{"line":98,"column":112}},"33":{"start":{"line":102,"column":12},"end":{"line":102,"column":85}},"34":{"start":{"line":104,"column":12},"end":{"line":104,"column":20}},"35":{"start":{"line":108,"column":29},"end":{"line":108,"column":107}},"36":{"start":{"line":109,"column":8},"end":{"line":111,"column":9}},"37":{"start":{"line":110,"column":12},"end":{"line":110,"column":20}},"38":{"start":{"line":112,"column":25},"end":{"line":112,"column":48}},"39":{"start":{"line":116,"column":8},"end":{"line":119,"column":10}},"40":{"start":{"line":121,"column":8},"end":{"line":121,"column":97}},"41":{"start":{"line":125,"column":8},"end":{"line":125,"column":66}},"42":{"start":{"line":136,"column":0},"end":{"line":153,"column":2}},"43":{"start":{"line":137,"column":22},"end":{"line":137,"column":53}},"44":{"start":{"line":139,"column":4},"end":{"line":141,"column":5}},"45":{"start":{"line":140,"column":8},"end":{"line":140,"column":16}},"46":{"start":{"line":142,"column":4},"end":{"line":152,"column":5}},"47":{"start":{"line":143,"column":27},"end":{"line":143,"column":35}},"48":{"start":{"line":144,"column":23},"end":{"line":147,"column":9}},"49":{"start":{"line":150,"column":8},"end":{"line":150,"column":60}}},"fnMap":{"0":{"name":"(anonymous_0)","decl":{"start":{"line":17,"column":20},"end":{"line":17,"column":21}},"loc":{"start":{"line":17,"column":29},"end":{"line":28,"column":1}},"line":17},"1":{"name":"(anonymous_1)","decl":{"start":{"line":37,"column":27},"end":{"line":37,"column":28}},"loc":{"start":{"line":37,"column":47},"end":{"line":128,"column":1}},"line":37},"2":{"name":"(anonymous_2)","decl":{"start":{"line":136,"column":31},"end":{"line":136,"column":32}},"loc":{"start":{"line":136,"column":51},"end":{"line":153,"column":1}},"line":136}},"branchMap":{"0":{"loc":{"start":{"line":19,"column":22},"end":{"line":19,"column":84}},"type":"binary-expr","locations":[{"start":{"line":19,"column":22},"end":{"line":19,"column":52}},{"start":{"line":19,"column":56},"end":{"line":19,"column":84}}],"line":19},"1":{"loc":{"start":{"line":22,"column":4},"end":{"line":25,"column":5}},"type":"if","locations":[{"start":{"line":22,"column":4},"end":{"line":25,"column":5}},{"start":{},"end":{}}],"line":22},"2":{"loc":{"start":{"line":22,"column":8},"end":{"line":22,"column":92}},"type":"binary-expr","locations":[{"start":{"line":22,"column":8},"end":{"line":22,"column":27}},{"start":{"line":22,"column":31},"end":{"line":22,"column":56}},{"start":{"line":22,"column":60},"end":{"line":22,"column":92}}],"line":22},"3":{"loc":{"start":{"line":43,"column":8},"end":{"line":47,"column":9}},"type":"if","locations":[{"start":{"line":43,"column":8},"end":{"line":47,"column":9}},{"start":{},"end":{}}],"line":43},"4":{"loc":{"start":{"line":55,"column":8},"end":{"line":58,"column":9}},"type":"if","locations":[{"start":{"line":55,"column":8},"end":{"line":58,"column":9}},{"start":{},"end":{}}],"line":55},"5":{"loc":{"start":{"line":55,"column":12},"end":{"line":55,"column":79}},"type":"binary-expr","locations":[{"start":{"line":55,"column":12},"end":{"line":55,"column":27}},{"start":{"line":55,"column":31},"end":{"line":55,"column":79}}],"line":55},"6":{"loc":{"start":{"line":70,"column":24},"end":{"line":70,"column":73}},"type":"binary-expr","locations":[{"start":{"line":70,"column":24},"end":{"line":70,"column":46}},{"start":{"line":70,"column":50},"end":{"line":70,"column":73}}],"line":70},"7":{"loc":{"start":{"line":75,"column":12},"end":{"line":80,"column":13}},"type":"if","locations":[{"start":{"line":75,"column":12},"end":{"line":80,"column":13}},{"start":{"line":78,"column":19},"end":{"line":80,"column":13}}],"line":75},"8":{"loc":{"start":{"line":75,"column":16},"end":{"line":75,"column":61}},"type":"binary-expr","locations":[{"start":{"line":75,"column":16},"end":{"line":75,"column":32}},{"start":{"line":75,"column":36},"end":{"line":75,"column":61}}],"line":75},"9":{"loc":{"start":{"line":94,"column":12},"end":{"line":99,"column":13}},"type":"if","locations":[{"start":{"line":94,"column":12},"end":{"line":99,"column":13}},{"start":{"line":97,"column":19},"end":{"line":99,"column":13}}],"line":94},"10":{"loc":{"start":{"line":94,"column":16},"end":{"line":94,"column":99}},"type":"binary-expr","locations":[{"start":{"line":94,"column":16},"end":{"line":94,"column":54}},{"start":{"line":94,"column":58},"end":{"line":94,"column":99}}],"line":94},"11":{"loc":{"start":{"line":109,"column":8},"end":{"line":111,"column":9}},"type":"if","locations":[{"start":{"line":109,"column":8},"end":{"line":111,"column":9}},{"start":{},"end":{}}],"line":109},"12":{"loc":{"start":{"line":139,"column":4},"end":{"line":141,"column":5}},"type":"if","locations":[{"start":{"line":139,"column":4},"end":{"line":141,"column":5}},{"start":{},"end":{}}],"line":139}},"s":{"0":0,"1":0,"2":0,"3":0,"4":0,"5":0,"6":0,"7":0,"8":0,"9":0,"10":0,"11":0,"12":0,"13":0,"14":0,"15":0,"16":0,"17":0,"18":0,"19":0,"20":0,"21":0,"22":0,"23":0,"24":0,"25":0,"26":0,"27":0,"28":0,"29":0,"30":0,"31":0,"32":0,"33":0,"34":0,"35":0,"36":0,"37":0,"38":0,"39":0,"40":0,"41":0,"42":0,"43":0,"44":0,"45":0,"46":0,"47":0,"48":0,"49":0},"f":{"0":0,"1":0,"2":0},"b":{"0":[0,0],"1":[0,0],"2":[0,0,0],"3":[0,0],"4":[0,0],"5":[0,0],"6":[0,0],"7":[0,0],"8":[0,0],"9":[0,0],"10":[0,0],"11":[0,0],"12":[0,0]}}
,"C:\\Users\\rodri\\OneDrive\\Documentos\\Utng\\Cuatrimestre10\\Desarrrollo Mobil\\flashgram\\backend-paws\\src\\controllers\\movimientosController.js": {"path":"C:\\Users\\rodri\\OneDrive\\Documentos\\Utng\\Cuatrimestre10\\Desarrrollo Mobil\\flashgram\\backend-paws\\src\\controllers\\movimientosController.js","statementMap":{"0":{"start":{"line":2,"column":11},"end":{"line":2,"column":33}},"1":{"start":{"line":3,"column":66},"end":{"line":3,"column":111}},"2":{"start":{"line":4,"column":35},"end":{"line":4,"column":70}},"3":{"start":{"line":11,"column":0},"end":{"line":148,"column":2}},"4":{"start":{"line":12,"column":29},"end":{"line":12,"column":70}},"5":{"start":{"line":14,"column":4},"end":{"line":20,"column":5}},"6":{"start":{"line":15,"column":8},"end":{"line":19,"column":11}},"7":{"start":{"line":24,"column":113},"end":{"line":24,"column":118}},"8":{"start":{"line":29,"column":4},"end":{"line":31,"column":5}},"9":{"start":{"line":30,"column":8},"end":{"line":30,"column":160}},"10":{"start":{"line":34,"column":4},"end":{"line":42,"column":5}},"11":{"start":{"line":35,"column":8},"end":{"line":37,"column":9}},"12":{"start":{"line":36,"column":12},"end":{"line":36,"column":172}},"13":{"start":{"line":39,"column":8},"end":{"line":41,"column":9}},"14":{"start":{"line":40,"column":13},"end":{"line":40,"column":166}},"15":{"start":{"line":45,"column":4},"end":{"line":53,"column":5}},"16":{"start":{"line":46,"column":8},"end":{"line":48,"column":9}},"17":{"start":{"line":47,"column":12},"end":{"line":47,"column":169}},"18":{"start":{"line":50,"column":8},"end":{"line":52,"column":9}},"19":{"start":{"line":51,"column":13},"end":{"line":51,"column":167}},"20":{"start":{"line":56,"column":19},"end":{"line":56,"column":37}},"21":{"start":{"line":58,"column":4},"end":{"line":147,"column":5}},"22":{"start":{"line":59,"column":8},"end":{"line":59,"column":36}},"23":{"start":{"line":62,"column":29},"end":{"line":67,"column":9}},"24":{"start":{"line":68,"column":30},"end":{"line":68,"column":76}},"25":{"start":{"line":70,"column":8},"end":{"line":73,"column":9}},"26":{"start":{"line":71,"column":12},"end":{"line":71,"column":43}},"27":{"start":{"line":72,"column":12},"end":{"line":72,"column":117}},"28":{"start":{"line":75,"column":92},"end":{"line":75,"column":113}},"29":{"start":{"line":78,"column":8},"end":{"line":88,"column":9}},"30":{"start":{"line":79,"column":12},"end":{"line":79,"column":47}},"31":{"start":{"line":81,"column":15},"end":{"line":88,"column":9}},"32":{"start":{"line":83,"column":12},"end":{"line":86,"column":13}},"33":{"start":{"line":84,"column":16},"end":{"line":84,"column":47}},"34":{"start":{"line":85,"column":16},"end":{"line":85,"column":160}},"35":{"start":{"line":87,"column":12},"end":{"line":87,"column":47}},"36":{"start":{"line":92,"column":32},"end":{"line":96,"column":9}},"37":{"start":{"line":98,"column":33},"end":{"line":98,"column":72}},"38":{"start":{"line":99,"column":31},"end":{"line":99,"column":67}},"39":{"start":{"line":101,"column":33},"end":{"line":110,"column":9}},"40":{"start":{"line":112,"column":33},"end":{"line":112,"column":86}},"41":{"start":{"line":116,"column":8},"end":{"line":120,"column":9}},"42":{"start":{"line":117,"column":12},"end":{"line":117,"column":132}},"43":{"start":{"line":118,"column":12},"end":{"line":119,"column":97}},"44":{"start":{"line":119,"column":30},"end":{"line":119,"column":95}},"45":{"start":{"line":124,"column":8},"end":{"line":124,"column":37}},"46":{"start":{"line":126,"column":8},"end":{"line":131,"column":11}},"47":{"start":{"line":134,"column":8},"end":{"line":134,"column":39}},"48":{"start":{"line":135,"column":8},"end":{"line":135,"column":84}},"49":{"start":{"line":136,"column":8},"end":{"line":138,"column":9}},"50":{"start":{"line":137,"column":13},"end":{"line":137,"column":137}},"51":{"start":{"line":139,"column":8},"end":{"line":143,"column":11}},"52":{"start":{"line":146,"column":8},"end":{"line":146,"column":25}},"53":{"start":{"line":154,"column":0},"end":{"line":209,"column":2}},"54":{"start":{"line":155,"column":29},"end":{"line":155,"column":77}},"55":{"start":{"line":157,"column":4},"end":{"line":163,"column":5}},"56":{"start":{"line":158,"column":8},"end":{"line":162,"column":11}},"57":{"start":{"line":165,"column":28},"end":{"line":165,"column":33}},"58":{"start":{"line":168,"column":4},"end":{"line":208,"column":5}},"59":{"start":{"line":169,"column":8},"end":{"line":169,"column":36}},"60":{"start":{"line":172,"column":27},"end":{"line":172,"column":74}},"61":{"start":{"line":173,"column":28},"end":{"line":173,"column":73}},"62":{"start":{"line":175,"column":8},"end":{"line":180,"column":9}},"63":{"start":{"line":176,"column":12},"end":{"line":179,"column":15}},"64":{"start":{"line":183,"column":22},"end":{"line":188,"column":9}},"65":{"start":{"line":189,"column":23},"end":{"line":189,"column":63}},"66":{"start":{"line":191,"column":8},"end":{"line":195,"column":11}},"67":{"start":{"line":198,"column":8},"end":{"line":198,"column":62}},"68":{"start":{"line":199,"column":8},"end":{"line":203,"column":11}},"69":{"start":{"line":205,"column":8},"end":{"line":207,"column":9}},"70":{"start":{"line":206,"column":12},"end":{"line":206,"column":29}},"71":{"start":{"line":216,"column":0},"end":{"line":241,"column":2}},"72":{"start":{"line":217,"column":4},"end":{"line":240,"column":5}},"73":{"start":{"line":218,"column":22},"end":{"line":228,"column":9}},"74":{"start":{"line":229,"column":23},"end":{"line":229,"column":44}},"75":{"start":{"line":231,"column":8},"end":{"line":235,"column":11}},"76":{"start":{"line":238,"column":8},"end":{"line":238,"column":67}},"77":{"start":{"line":239,"column":8},"end":{"line":239,"column":119}}},"fnMap":{"0":{"name":"(anonymous_0)","decl":{"start":{"line":11,"column":27},"end":{"line":11,"column":28}},"loc":{"start":{"line":11,"column":53},"end":{"line":148,"column":1}},"line":11},"1":{"name":"(anonymous_1)","decl":{"start":{"line":119,"column":23},"end":{"line":119,"column":24}},"loc":{"start":{"line":119,"column":30},"end":{"line":119,"column":95}},"line":119},"2":{"name":"(anonymous_2)","decl":{"start":{"line":154,"column":34},"end":{"line":154,"column":35}},"loc":{"start":{"line":154,"column":54},"end":{"line":209,"column":1}},"line":154},"3":{"name":"(anonymous_3)","decl":{"start":{"line":216,"column":25},"end":{"line":216,"column":26}},"loc":{"start":{"line":216,"column":45},"end":{"line":241,"column":1}},"line":216}},"branchMap":{"0":{"loc":{"start":{"line":14,"column":4},"end":{"line":20,"column":5}},"type":"if","locations":[{"start":{"line":14,"column":4},"end":{"line":20,"column":5}},{"start":{},"end":{}}],"line":14},"1":{"loc":{"start":{"line":29,"column":4},"end":{"line":31,"column":5}},"type":"if","locations":[{"start":{"line":29,"column":4},"end":{"line":31,"column":5}},{"start":{},"end":{}}],"line":29},"2":{"loc":{"start":{"line":29,"column":8},"end":{"line":29,"column":36}},"type":"binary-expr","locations":[{"start":{"line":29,"column":8},"end":{"line":29,"column":18}},{"start":{"line":29,"column":22},"end":{"line":29,"column":36}}],"line":29},"3":{"loc":{"start":{"line":34,"column":4},"end":{"line":42,"column":5}},"type":"if","locations":[{"start":{"line":34,"column":4},"end":{"line":42,"column":5}},{"start":{},"end":{}}],"line":34},"4":{"loc":{"start":{"line":35,"column":8},"end":{"line":37,"column":9}},"type":"if","locations":[{"start":{"line":35,"column":8},"end":{"line":37,"column":9}},{"start":{},"end":{}}],"line":35},"5":{"loc":{"start":{"line":35,"column":12},"end":{"line":35,"column":44}},"type":"binary-expr","locations":[{"start":{"line":35,"column":12},"end":{"line":35,"column":24}},{"start":{"line":35,"column":28},"end":{"line":35,"column":44}}],"line":35},"6":{"loc":{"start":{"line":39,"column":8},"end":{"line":41,"column":9}},"type":"if","locations":[{"start":{"line":39,"column":8},"end":{"line":41,"column":9}},{"start":{},"end":{}}],"line":39},"7":{"loc":{"start":{"line":39,"column":12},"end":{"line":39,"column":38}},"type":"binary-expr","locations":[{"start":{"line":39,"column":12},"end":{"line":39,"column":21}},{"start":{"line":39,"column":25},"end":{"line":39,"column":38}}],"line":39},"8":{"loc":{"start":{"line":45,"column":4},"end":{"line":53,"column":5}},"type":"if","locations":[{"start":{"line":45,"column":4},"end":{"line":53,"column":5}},{"start":{},"end":{}}],"line":45},"9":{"loc":{"start":{"line":46,"column":8},"end":{"line":48,"column":9}},"type":"if","locations":[{"start":{"line":46,"column":8},"end":{"line":48,"column":9}},{"start":{},"end":{}}],"line":46},"10":{"loc":{"start":{"line":46,"column":12},"end":{"line":46,"column":40}},"type":"binary-expr","locations":[{"start":{"line":46,"column":12},"end":{"line":46,"column":22}},{"start":{"line":46,"column":26},"end":{"line":46,"column":40}}],"line":46},"11":{"loc":{"start":{"line":50,"column":8},"end":{"line":52,"column":9}},"type":"if","locations":[{"start":{"line":50,"column":8},"end":{"line":52,"column":9}},{"start":{},"end":{}}],"line":50},"12":{"loc":{"start":{"line":50,"column":12},"end":{"line":50,"column":42}},"type":"binary-expr","locations":[{"start":{"line":50,"column":12},"end":{"line":50,"column":23}},{"start":{"line":50,"column":27},"end":{"line":50,"column":42}}],"line":50},"13":{"loc":{"start":{"line":70,"column":8},"end":{"line":73,"column":9}},"type":"if","locations":[{"start":{"line":70,"column":8},"end":{"line":73,"column":9}},{"start":{},"end":{}}],"line":70},"14":{"loc":{"start":{"line":78,"column":8},"end":{"line":88,"column":9}},"type":"if","locations":[{"start":{"line":78,"column":8},"end":{"line":88,"column":9}},{"start":{"line":81,"column":15},"end":{"line":88,"column":9}}],"line":78},"15":{"loc":{"start":{"line":81,"column":15},"end":{"line":88,"column":9}},"type":"if","locations":[{"start":{"line":81,"column":15},"end":{"line":88,"column":9}},{"start":{},"end":{}}],"line":81},"16":{"loc":{"start":{"line":83,"column":12},"end":{"line":86,"column":13}},"type":"if","locations":[{"start":{"line":83,"column":12},"end":{"line":86,"column":13}},{"start":{},"end":{}}],"line":83},"17":{"loc":{"start":{"line":98,"column":33},"end":{"line":98,"column":72}},"type":"cond-expr","locations":[{"start":{"line":98,"column":54},"end":{"line":98,"column":65}},{"start":{"line":98,"column":68},"end":{"line":98,"column":72}}],"line":98},"18":{"loc":{"start":{"line":99,"column":31},"end":{"line":99,"column":67}},"type":"cond-expr","locations":[{"start":{"line":99,"column":51},"end":{"line":99,"column":60}},{"start":{"line":99,"column":63},"end":{"line":99,"column":67}}],"line":99},"19":{"loc":{"start":{"line":105,"column":12},"end":{"line":105,"column":30}},"type":"binary-expr","locations":[{"start":{"line":105,"column":12},"end":{"line":105,"column":22}},{"start":{"line":105,"column":26},"end":{"line":105,"column":30}}],"line":105},"20":{"loc":{"start":{"line":116,"column":8},"end":{"line":120,"column":9}},"type":"if","locations":[{"start":{"line":116,"column":8},"end":{"line":120,"column":9}},{"start":{},"end":{}}],"line":116},"21":{"loc":{"start":{"line":116,"column":12},"end":{"line":116,"column":52}},"type":"binary-expr","locations":[{"start":{"line":116,"column":12},"end":{"line":116,"column":29}},{"start":{"line":116,"column":33},"end":{"line":116,"column":52}}],"line":116},"22":{"loc":{"start":{"line":130,"column":24},"end":{"line":130,"column":64}},"type":"binary-expr","locations":[{"start":{"line":130,"column":24},"end":{"line":130,"column":41}},{"start":{"line":130,"column":45},"end":{"line":130,"column":64}}],"line":130},"23":{"loc":{"start":{"line":136,"column":8},"end":{"line":138,"column":9}},"type":"if","locations":[{"start":{"line":136,"column":8},"end":{"line":138,"column":9}},{"start":{},"end":{}}],"line":136},"24":{"loc":{"start":{"line":157,"column":4},"end":{"line":163,"column":5}},"type":"if","locations":[{"start":{"line":157,"column":4},"end":{"line":163,"column":5}},{"start":{},"end":{}}],"line":157},"25":{"loc":{"start":{"line":175,"column":8},"end":{"line":180,"column":9}},"type":"if","locations":[{"start":{"line":175,"column":8},"end":{"line":180,"column":9}},{"start":{},"end":{}}],"line":175},"26":{"loc":{"start":{"line":205,"column":8},"end":{"line":207,"column":9}},"type":"if","locations":[{"start":{"line":205,"column":8},"end":{"line":207,"column":9}},{"start":{},"end":{}}],"line":205}},"s":{"0":0,"1":0,"2":0,"3":0,"4":0,"5":0,"6":0,"7":0,"8":0,"9":0,"10":0,"11":0,"12":0,"13":0,"14":0,"15":0,"16":0,"17":0,"18":0,"19":0,"20":0,"21":0,"22":0,"23":0,"24":0,"25":0,"26":0,"27":0,"28":0,"29":0,"30":0,"31":0,"32":0,"33":0,"34":0,"35":0,"36":0,"37":0,"38":0,"39":0,"40":0,"41":0,"42":0,"43":0,"44":0,"45":0,"46":0,"47":0,"48":0,"49":0,"50":0,"51":0,"52":0,"53":0,"54":0,"55":0,"56":0,"57":0,"58":0,"59":0,"60":0,"61":0,"62":0,"63":0,"64":0,"65":0,"66":0,"67":0,"68":0,"69":0,"70":0,"71":0,"72":0,"73":0,"74":0,"75":0,"76":0,"77":0},"f":{"0":0,"1":0,"2":0,"3":0},"b":{"0":[0,0],"1":[0,0],"2":[0,0],"3":[0,0],"4":[0,0],"5":[0,0],"6":[0,0],"7":[0,0],"8":[0,0],"9":[0,0],"10":[0,0],"11":[0,0],"12":[0,0],"13":[0,0],"14":[0,0],"15":[0,0],"16":[0,0],"17":[0,0],"18":[0,0],"19":[0,0],"20":[0,0],"21":[0,0],"22":[0,0],"23":[0,0],"24":[0,0],"25":[0,0],"26":[0,0]}}
,"C:\\Users\\rodri\\OneDrive\\Documentos\\Utng\\Cuatrimestre10\\Desarrrollo Mobil\\flashgram\\backend-paws\\src\\controllers\\productController.js": {"path":"C:\\Users\\rodri\\OneDrive\\Documentos\\Utng\\Cuatrimestre10\\Desarrrollo Mobil\\flashgram\\backend-paws\\src\\controllers\\productController.js","statementMap":{"0":{"start":{"line":3,"column":11},"end":{"line":3,"column":33}},"1":{"start":{"line":4,"column":74},"end":{"line":4,"column":116}},"2":{"start":{"line":11,"column":0},"end":{"line":34,"column":2}},"3":{"start":{"line":12,"column":4},"end":{"line":33,"column":5}},"4":{"start":{"line":13,"column":22},"end":{"line":17,"column":9}},"5":{"start":{"line":18,"column":23},"end":{"line":18,"column":44}},"6":{"start":{"line":20,"column":8},"end":{"line":24,"column":11}},"7":{"start":{"line":27,"column":8},"end":{"line":27,"column":60}},"8":{"start":{"line":28,"column":8},"end":{"line":32,"column":11}},"9":{"start":{"line":41,"column":0},"end":{"line":67,"column":2}},"10":{"start":{"line":42,"column":4},"end":{"line":66,"column":5}},"11":{"start":{"line":44,"column":22},"end":{"line":49,"column":9}},"12":{"start":{"line":50,"column":23},"end":{"line":50,"column":44}},"13":{"start":{"line":52,"column":8},"end":{"line":57,"column":11}},"14":{"start":{"line":60,"column":8},"end":{"line":60,"column":80}},"15":{"start":{"line":61,"column":8},"end":{"line":65,"column":11}},"16":{"start":{"line":73,"column":0},"end":{"line":127,"column":2}},"17":{"start":{"line":74,"column":29},"end":{"line":74,"column":67}},"18":{"start":{"line":76,"column":4},"end":{"line":82,"column":5}},"19":{"start":{"line":77,"column":8},"end":{"line":81,"column":11}},"20":{"start":{"line":84,"column":24},"end":{"line":84,"column":81}},"21":{"start":{"line":86,"column":77},"end":{"line":86,"column":82}},"22":{"start":{"line":88,"column":18},"end":{"line":92,"column":5}},"23":{"start":{"line":93,"column":19},"end":{"line":101,"column":5}},"24":{"start":{"line":103,"column":4},"end":{"line":126,"column":5}},"25":{"start":{"line":104,"column":23},"end":{"line":104,"column":52}},"26":{"start":{"line":106,"column":8},"end":{"line":110,"column":11}},"27":{"start":{"line":113,"column":8},"end":{"line":119,"column":9}},"28":{"start":{"line":114,"column":12},"end":{"line":118,"column":15}},"29":{"start":{"line":120,"column":8},"end":{"line":120,"column":57}},"30":{"start":{"line":121,"column":8},"end":{"line":125,"column":11}},"31":{"start":{"line":133,"column":0},"end":{"line":201,"column":2}},"32":{"start":{"line":134,"column":29},"end":{"line":134,"column":67}},"33":{"start":{"line":136,"column":4},"end":{"line":142,"column":5}},"34":{"start":{"line":137,"column":8},"end":{"line":141,"column":11}},"35":{"start":{"line":144,"column":28},"end":{"line":144,"column":33}},"36":{"start":{"line":146,"column":21},"end":{"line":146,"column":23}},"37":{"start":{"line":147,"column":17},"end":{"line":147,"column":19}},"38":{"start":{"line":148,"column":21},"end":{"line":148,"column":22}},"39":{"start":{"line":151,"column":4},"end":{"line":156,"column":5}},"40":{"start":{"line":152,"column":8},"end":{"line":155,"column":9}},"41":{"start":{"line":153,"column":12},"end":{"line":153,"column":57}},"42":{"start":{"line":154,"column":12},"end":{"line":154,"column":36}},"43":{"start":{"line":159,"column":4},"end":{"line":159,"column":42}},"44":{"start":{"line":161,"column":4},"end":{"line":161,"column":29}},"45":{"start":{"line":163,"column":18},"end":{"line":167,"column":5}},"46":{"start":{"line":169,"column":4},"end":{"line":200,"column":5}},"47":{"start":{"line":170,"column":23},"end":{"line":170,"column":52}},"48":{"start":{"line":172,"column":8},"end":{"line":177,"column":9}},"49":{"start":{"line":173,"column":12},"end":{"line":176,"column":15}},"50":{"start":{"line":179,"column":8},"end":{"line":183,"column":11}},"51":{"start":{"line":187,"column":9},"end":{"line":193,"column":9}},"52":{"start":{"line":188,"column":12},"end":{"line":192,"column":15}},"53":{"start":{"line":194,"column":8},"end":{"line":194,"column":62}},"54":{"start":{"line":195,"column":8},"end":{"line":199,"column":11}},"55":{"start":{"line":207,"column":0},"end":{"line":252,"column":2}},"56":{"start":{"line":208,"column":29},"end":{"line":208,"column":67}},"57":{"start":{"line":210,"column":4},"end":{"line":216,"column":5}},"58":{"start":{"line":211,"column":8},"end":{"line":215,"column":11}},"59":{"start":{"line":218,"column":28},"end":{"line":218,"column":33}},"60":{"start":{"line":219,"column":18},"end":{"line":219,"column":86}},"61":{"start":{"line":221,"column":4},"end":{"line":251,"column":5}},"62":{"start":{"line":222,"column":23},"end":{"line":222,"column":59}},"63":{"start":{"line":224,"column":8},"end":{"line":229,"column":9}},"64":{"start":{"line":225,"column":12},"end":{"line":228,"column":15}},"65":{"start":{"line":231,"column":8},"end":{"line":234,"column":11}},"66":{"start":{"line":238,"column":8},"end":{"line":244,"column":9}},"67":{"start":{"line":239,"column":12},"end":{"line":243,"column":15}},"68":{"start":{"line":245,"column":8},"end":{"line":245,"column":60}},"69":{"start":{"line":246,"column":8},"end":{"line":250,"column":11}},"70":{"start":{"line":258,"column":0},"end":{"line":315,"column":2}},"71":{"start":{"line":259,"column":44},"end":{"line":259,"column":52}},"72":{"start":{"line":261,"column":4},"end":{"line":266,"column":5}},"73":{"start":{"line":262,"column":8},"end":{"line":265,"column":11}},"74":{"start":{"line":268,"column":4},"end":{"line":273,"column":5}},"75":{"start":{"line":269,"column":8},"end":{"line":272,"column":11}},"76":{"start":{"line":275,"column":16},"end":{"line":275,"column":76}},"77":{"start":{"line":276,"column":17},"end":{"line":276,"column":25}},"78":{"start":{"line":277,"column":21},"end":{"line":277,"column":22}},"79":{"start":{"line":279,"column":4},"end":{"line":282,"column":5}},"80":{"start":{"line":280,"column":8},"end":{"line":280,"column":50}},"81":{"start":{"line":281,"column":8},"end":{"line":281,"column":33}},"82":{"start":{"line":283,"column":4},"end":{"line":287,"column":5}},"83":{"start":{"line":284,"column":8},"end":{"line":284,"column":41}},"84":{"start":{"line":284,"column":25},"end":{"line":284,"column":41}},"85":{"start":{"line":285,"column":8},"end":{"line":285,"column":45}},"86":{"start":{"line":286,"column":8},"end":{"line":286,"column":28}},"87":{"start":{"line":289,"column":4},"end":{"line":289,"column":29}},"88":{"start":{"line":291,"column":4},"end":{"line":314,"column":5}},"89":{"start":{"line":292,"column":23},"end":{"line":292,"column":52}},"90":{"start":{"line":294,"column":8},"end":{"line":299,"column":9}},"91":{"start":{"line":295,"column":12},"end":{"line":298,"column":15}},"92":{"start":{"line":301,"column":8},"end":{"line":305,"column":11}},"93":{"start":{"line":308,"column":8},"end":{"line":308,"column":70}},"94":{"start":{"line":309,"column":8},"end":{"line":313,"column":11}}},"fnMap":{"0":{"name":"(anonymous_0)","decl":{"start":{"line":11,"column":25},"end":{"line":11,"column":26}},"loc":{"start":{"line":11,"column":45},"end":{"line":34,"column":1}},"line":11},"1":{"name":"(anonymous_1)","decl":{"start":{"line":41,"column":30},"end":{"line":41,"column":31}},"loc":{"start":{"line":41,"column":50},"end":{"line":67,"column":1}},"line":41},"2":{"name":"(anonymous_2)","decl":{"start":{"line":73,"column":24},"end":{"line":73,"column":25}},"loc":{"start":{"line":73,"column":44},"end":{"line":127,"column":1}},"line":73},"3":{"name":"(anonymous_3)","decl":{"start":{"line":133,"column":24},"end":{"line":133,"column":25}},"loc":{"start":{"line":133,"column":44},"end":{"line":201,"column":1}},"line":133},"4":{"name":"(anonymous_4)","decl":{"start":{"line":207,"column":24},"end":{"line":207,"column":25}},"loc":{"start":{"line":207,"column":44},"end":{"line":252,"column":1}},"line":207},"5":{"name":"(anonymous_5)","decl":{"start":{"line":258,"column":30},"end":{"line":258,"column":31}},"loc":{"start":{"line":258,"column":50},"end":{"line":315,"column":1}},"line":258}},"branchMap":{"0":{"loc":{"start":{"line":76,"column":4},"end":{"line":82,"column":5}},"type":"if","locations":[{"start":{"line":76,"column":4},"end":{"line":82,"column":5}},{"start":{},"end":{}}],"line":76},"1":{"loc":{"start":{"line":84,"column":24},"end":{"line":84,"column":81}},"type":"cond-expr","locations":[{"start":{"line":84,"column":59},"end":{"line":84,"column":77}},{"start":{"line":84,"column":80},"end":{"line":84,"column":81}}],"line":84},"2":{"loc":{"start":{"line":96,"column":8},"end":{"line":96,"column":27}},"type":"binary-expr","locations":[{"start":{"line":96,"column":8},"end":{"line":96,"column":19}},{"start":{"line":96,"column":23},"end":{"line":96,"column":27}}],"line":96},"3":{"loc":{"start":{"line":113,"column":8},"end":{"line":119,"column":9}},"type":"if","locations":[{"start":{"line":113,"column":8},"end":{"line":119,"column":9}},{"start":{},"end":{}}],"line":113},"4":{"loc":{"start":{"line":136,"column":4},"end":{"line":142,"column":5}},"type":"if","locations":[{"start":{"line":136,"column":4},"end":{"line":142,"column":5}},{"start":{},"end":{}}],"line":136},"5":{"loc":{"start":{"line":152,"column":8},"end":{"line":155,"column":9}},"type":"if","locations":[{"start":{"line":152,"column":8},"end":{"line":155,"column":9}},{"start":{},"end":{}}],"line":152},"6":{"loc":{"start":{"line":172,"column":8},"end":{"line":177,"column":9}},"type":"if","locations":[{"start":{"line":172,"column":8},"end":{"line":177,"column":9}},{"start":{},"end":{}}],"line":172},"7":{"loc":{"start":{"line":187,"column":9},"end":{"line":193,"column":9}},"type":"if","locations":[{"start":{"line":187,"column":9},"end":{"line":193,"column":9}},{"start":{},"end":{}}],"line":187},"8":{"loc":{"start":{"line":210,"column":4},"end":{"line":216,"column":5}},"type":"if","locations":[{"start":{"line":210,"column":4},"end":{"line":216,"column":5}},{"start":{},"end":{}}],"line":210},"9":{"loc":{"start":{"line":224,"column":8},"end":{"line":229,"column":9}},"type":"if","locations":[{"start":{"line":224,"column":8},"end":{"line":229,"column":9}},{"start":{},"end":{}}],"line":224},"10":{"loc":{"start":{"line":238,"column":8},"end":{"line":244,"column":9}},"type":"if","locations":[{"start":{"line":238,"column":8},"end":{"line":244,"column":9}},{"start":{},"end":{}}],"line":238},"11":{"loc":{"start":{"line":261,"column":4},"end":{"line":266,"column":5}},"type":"if","locations":[{"start":{"line":261,"column":4},"end":{"line":266,"column":5}},{"start":{},"end":{}}],"line":261},"12":{"loc":{"start":{"line":261,"column":8},"end":{"line":261,"column":63}},"type":"binary-expr","locations":[{"start":{"line":261,"column":8},"end":{"line":261,"column":28}},{"start":{"line":261,"column":32},"end":{"line":261,"column":63}}],"line":261},"13":{"loc":{"start":{"line":261,"column":34},"end":{"line":261,"column":62}},"type":"binary-expr","locations":[{"start":{"line":261,"column":34},"end":{"line":261,"column":46}},{"start":{"line":261,"column":50},"end":{"line":261,"column":62}}],"line":261},"14":{"loc":{"start":{"line":268,"column":4},"end":{"line":273,"column":5}},"type":"if","locations":[{"start":{"line":268,"column":4},"end":{"line":273,"column":5}},{"start":{},"end":{}}],"line":268},"15":{"loc":{"start":{"line":268,"column":8},"end":{"line":268,"column":31}},"type":"binary-expr","locations":[{"start":{"line":268,"column":8},"end":{"line":268,"column":20}},{"start":{"line":268,"column":24},"end":{"line":268,"column":31}}],"line":268},"16":{"loc":{"start":{"line":279,"column":4},"end":{"line":282,"column":5}},"type":"if","locations":[{"start":{"line":279,"column":4},"end":{"line":282,"column":5}},{"start":{},"end":{}}],"line":279},"17":{"loc":{"start":{"line":283,"column":4},"end":{"line":287,"column":5}},"type":"if","locations":[{"start":{"line":283,"column":4},"end":{"line":287,"column":5}},{"start":{},"end":{}}],"line":283},"18":{"loc":{"start":{"line":284,"column":8},"end":{"line":284,"column":41}},"type":"if","locations":[{"start":{"line":284,"column":8},"end":{"line":284,"column":41}},{"start":{},"end":{}}],"line":284},"19":{"loc":{"start":{"line":294,"column":8},"end":{"line":299,"column":9}},"type":"if","locations":[{"start":{"line":294,"column":8},"end":{"line":299,"column":9}},{"start":{},"end":{}}],"line":294}},"s":{"0":0,"1":0,"2":0,"3":0,"4":0,"5":0,"6":0,"7":0,"8":0,"9":0,"10":0,"11":0,"12":0,"13":0,"14":0,"15":0,"16":0,"17":0,"18":0,"19":0,"20":0,"21":0,"22":0,"23":0,"24":0,"25":0,"26":0,"27":0,"28":0,"29":0,"30":0,"31":0,"32":0,"33":0,"34":0,"35":0,"36":0,"37":0,"38":0,"39":0,"40":0,"41":0,"42":0,"43":0,"44":0,"45":0,"46":0,"47":0,"48":0,"49":0,"50":0,"51":0,"52":0,"53":0,"54":0,"55":0,"56":0,"57":0,"58":0,"59":0,"60":0,"61":0,"62":0,"63":0,"64":0,"65":0,"66":0,"67":0,"68":0,"69":0,"70":0,"71":0,"72":0,"73":0,"74":0,"75":0,"76":0,"77":0,"78":0,"79":0,"80":0,"81":0,"82":0,"83":0,"84":0,"85":0,"86":0,"87":0,"88":0,"89":0,"90":0,"91":0,"92":0,"93":0,"94":0},"f":{"0":0,"1":0,"2":0,"3":0,"4":0,"5":0},"b":{"0":[0,0],"1":[0,0],"2":[0,0],"3":[0,0],"4":[0,0],"5":[0,0],"6":[0,0],"7":[0,0],"8":[0,0],"9":[0,0],"10":[0,0],"11":[0,0],"12":[0,0],"13":[0,0],"14":[0,0],"15":[0,0],"16":[0,0],"17":[0,0],"18":[0,0],"19":[0,0]}}
,"C:\\Users\\rodri\\OneDrive\\Documentos\\Utng\\Cuatrimestre10\\Desarrrollo Mobil\\flashgram\\backend-paws\\src\\controllers\\proveedorController.js": {"path":"C:\\Users\\rodri\\OneDrive\\Documentos\\Utng\\Cuatrimestre10\\Desarrrollo Mobil\\flashgram\\backend-paws\\src\\controllers\\proveedorController.js","statementMap":{"0":{"start":{"line":1,"column":11},"end":{"line":1,"column":33}},"1":{"start":{"line":7,"column":4},"end":{"line":7,"column":47}},"2":{"start":{"line":10,"column":22},"end":{"line":23,"column":1}},"3":{"start":{"line":11,"column":2},"end":{"line":15,"column":3}},"4":{"start":{"line":12,"column":4},"end":{"line":14,"column":7}},"5":{"start":{"line":16,"column":2},"end":{"line":20,"column":3}},"6":{"start":{"line":17,"column":5},"end":{"line":19,"column":7}},"7":{"start":{"line":21,"column":2},"end":{"line":21,"column":23}},"8":{"start":{"line":22,"column":2},"end":{"line":22,"column":74}},"9":{"start":{"line":26,"column":0},"end":{"line":74,"column":2}},"10":{"start":{"line":28,"column":20},"end":{"line":28,"column":59}},"11":{"start":{"line":29,"column":2},"end":{"line":31,"column":3}},"12":{"start":{"line":30,"column":4},"end":{"line":30,"column":71}},"13":{"start":{"line":33,"column":41},"end":{"line":33,"column":49}},"14":{"start":{"line":35,"column":2},"end":{"line":73,"column":3}},"15":{"start":{"line":39,"column":29},"end":{"line":42,"column":5}},"16":{"start":{"line":45,"column":4},"end":{"line":59,"column":5}},"17":{"start":{"line":46,"column":24},"end":{"line":46,"column":48}},"18":{"start":{"line":47,"column":6},"end":{"line":52,"column":7}},"19":{"start":{"line":49,"column":8},"end":{"line":51,"column":11}},"20":{"start":{"line":53,"column":6},"end":{"line":58,"column":7}},"21":{"start":{"line":55,"column":8},"end":{"line":57,"column":11}},"22":{"start":{"line":64,"column":19},"end":{"line":67,"column":5}},"23":{"start":{"line":68,"column":4},"end":{"line":68,"column":41}},"24":{"start":{"line":72,"column":4},"end":{"line":72,"column":30}},"25":{"start":{"line":77,"column":0},"end":{"line":84,"column":2}},"26":{"start":{"line":78,"column":2},"end":{"line":83,"column":3}},"27":{"start":{"line":79,"column":19},"end":{"line":79,"column":82}},"28":{"start":{"line":80,"column":4},"end":{"line":80,"column":38}},"29":{"start":{"line":82,"column":4},"end":{"line":82,"column":30}},"30":{"start":{"line":87,"column":0},"end":{"line":128,"column":2}},"31":{"start":{"line":88,"column":27},"end":{"line":88,"column":67}},"32":{"start":{"line":89,"column":2},"end":{"line":91,"column":3}},"33":{"start":{"line":90,"column":4},"end":{"line":90,"column":71}},"34":{"start":{"line":93,"column":35},"end":{"line":93,"column":40}},"35":{"start":{"line":95,"column":2},"end":{"line":127,"column":3}},"36":{"start":{"line":96,"column":20},"end":{"line":96,"column":47}},"37":{"start":{"line":97,"column":24},"end":{"line":97,"column":26}},"38":{"start":{"line":98,"column":23},"end":{"line":98,"column":25}},"39":{"start":{"line":100,"column":4},"end":{"line":103,"column":5}},"40":{"start":{"line":101,"column":6},"end":{"line":101,"column":37}},"41":{"start":{"line":102,"column":6},"end":{"line":102,"column":63}},"42":{"start":{"line":105,"column":4},"end":{"line":108,"column":5}},"43":{"start":{"line":106,"column":6},"end":{"line":106,"column":38}},"44":{"start":{"line":107,"column":6},"end":{"line":107,"column":61}},"45":{"start":{"line":111,"column":4},"end":{"line":113,"column":5}},"46":{"start":{"line":112,"column":6},"end":{"line":112,"column":55}},"47":{"start":{"line":115,"column":4},"end":{"line":115,"column":40}},"48":{"start":{"line":118,"column":19},"end":{"line":118,"column":57}},"49":{"start":{"line":120,"column":4},"end":{"line":122,"column":5}},"50":{"start":{"line":121,"column":6},"end":{"line":121,"column":75}},"51":{"start":{"line":124,"column":4},"end":{"line":124,"column":38}},"52":{"start":{"line":126,"column":4},"end":{"line":126,"column":30}},"53":{"start":{"line":132,"column":0},"end":{"line":185,"column":2}},"54":{"start":{"line":133,"column":55},"end":{"line":133,"column":63}},"55":{"start":{"line":135,"column":2},"end":{"line":137,"column":3}},"56":{"start":{"line":136,"column":4},"end":{"line":136,"column":100}},"57":{"start":{"line":139,"column":20},"end":{"line":139,"column":86}},"58":{"start":{"line":140,"column":2},"end":{"line":142,"column":3}},"59":{"start":{"line":141,"column":4},"end":{"line":141,"column":71}},"60":{"start":{"line":144,"column":2},"end":{"line":184,"column":3}},"61":{"start":{"line":146,"column":4},"end":{"line":161,"column":5}},"62":{"start":{"line":147,"column":24},"end":{"line":147,"column":140}},"63":{"start":{"line":148,"column":26},"end":{"line":148,"column":58}},"64":{"start":{"line":150,"column":31},"end":{"line":150,"column":69}},"65":{"start":{"line":152,"column":6},"end":{"line":160,"column":7}},"66":{"start":{"line":153,"column":26},"end":{"line":153,"column":50}},"67":{"start":{"line":154,"column":8},"end":{"line":156,"column":9}},"68":{"start":{"line":155,"column":10},"end":{"line":155,"column":118}},"69":{"start":{"line":157,"column":8},"end":{"line":159,"column":9}},"70":{"start":{"line":158,"column":10},"end":{"line":158,"column":122}},"71":{"start":{"line":165,"column":19},"end":{"line":165,"column":102}},"72":{"start":{"line":166,"column":4},"end":{"line":168,"column":5}},"73":{"start":{"line":167,"column":6},"end":{"line":167,"column":75}},"74":{"start":{"line":169,"column":28},"end":{"line":169,"column":42}},"75":{"start":{"line":172,"column":30},"end":{"line":172,"column":84}},"76":{"start":{"line":173,"column":32},"end":{"line":173,"column":92}},"77":{"start":{"line":174,"column":32},"end":{"line":174,"column":92}},"78":{"start":{"line":176,"column":19},"end":{"line":179,"column":5}},"79":{"start":{"line":181,"column":4},"end":{"line":181,"column":41}},"80":{"start":{"line":183,"column":4},"end":{"line":183,"column":30}},"81":{"start":{"line":188,"column":0},"end":{"line":209,"column":2}},"82":{"start":{"line":190,"column":27},"end":{"line":190,"column":35}},"83":{"start":{"line":193,"column":2},"end":{"line":195,"column":3}},"84":{"start":{"line":194,"column":5},"end":{"line":194,"column":85}},"85":{"start":{"line":197,"column":2},"end":{"line":208,"column":3}},"86":{"start":{"line":198,"column":19},"end":{"line":200,"column":6}},"87":{"start":{"line":201,"column":4},"end":{"line":203,"column":5}},"88":{"start":{"line":202,"column":6},"end":{"line":202,"column":75}},"89":{"start":{"line":204,"column":4},"end":{"line":204,"column":102}},"90":{"start":{"line":207,"column":4},"end":{"line":207,"column":30}}},"fnMap":{"0":{"name":"(anonymous_0)","decl":{"start":{"line":10,"column":22},"end":{"line":10,"column":23}},"loc":{"start":{"line":10,"column":38},"end":{"line":23,"column":1}},"line":10},"1":{"name":"(anonymous_1)","decl":{"start":{"line":26,"column":25},"end":{"line":26,"column":26}},"loc":{"start":{"line":26,"column":45},"end":{"line":74,"column":1}},"line":26},"2":{"name":"(anonymous_2)","decl":{"start":{"line":77,"column":29},"end":{"line":77,"column":30}},"loc":{"start":{"line":77,"column":49},"end":{"line":84,"column":1}},"line":77},"3":{"name":"(anonymous_3)","decl":{"start":{"line":87,"column":32},"end":{"line":87,"column":33}},"loc":{"start":{"line":87,"column":52},"end":{"line":128,"column":1}},"line":87},"4":{"name":"(anonymous_4)","decl":{"start":{"line":132,"column":30},"end":{"line":132,"column":31}},"loc":{"start":{"line":132,"column":50},"end":{"line":185,"column":1}},"line":132},"5":{"name":"(anonymous_5)","decl":{"start":{"line":188,"column":28},"end":{"line":188,"column":29}},"loc":{"start":{"line":188,"column":48},"end":{"line":209,"column":1}},"line":188}},"branchMap":{"0":{"loc":{"start":{"line":11,"column":2},"end":{"line":15,"column":3}},"type":"if","locations":[{"start":{"line":11,"column":2},"end":{"line":15,"column":3}},{"start":{},"end":{}}],"line":11},"1":{"loc":{"start":{"line":16,"column":2},"end":{"line":20,"column":3}},"type":"if","locations":[{"start":{"line":16,"column":2},"end":{"line":20,"column":3}},{"start":{},"end":{}}],"line":16},"2":{"loc":{"start":{"line":29,"column":2},"end":{"line":31,"column":3}},"type":"if","locations":[{"start":{"line":29,"column":2},"end":{"line":31,"column":3}},{"start":{},"end":{}}],"line":29},"3":{"loc":{"start":{"line":45,"column":4},"end":{"line":59,"column":5}},"type":"if","locations":[{"start":{"line":45,"column":4},"end":{"line":59,"column":5}},{"start":{},"end":{}}],"line":45},"4":{"loc":{"start":{"line":47,"column":6},"end":{"line":52,"column":7}},"type":"if","locations":[{"start":{"line":47,"column":6},"end":{"line":52,"column":7}},{"start":{},"end":{}}],"line":47},"5":{"loc":{"start":{"line":53,"column":6},"end":{"line":58,"column":7}},"type":"if","locations":[{"start":{"line":53,"column":6},"end":{"line":58,"column":7}},{"start":{},"end":{}}],"line":53},"6":{"loc":{"start":{"line":89,"column":2},"end":{"line":91,"column":3}},"type":"if","locations":[{"start":{"line":89,"column":2},"end":{"line":91,"column":3}},{"start":{},"end":{}}],"line":89},"7":{"loc":{"start":{"line":100,"column":4},"end":{"line":103,"column":5}},"type":"if","locations":[{"start":{"line":100,"column":4},"end":{"line":103,"column":5}},{"start":{},"end":{}}],"line":100},"8":{"loc":{"start":{"line":105,"column":4},"end":{"line":108,"column":5}},"type":"if","locations":[{"start":{"line":105,"column":4},"end":{"line":108,"column":5}},{"start":{},"end":{}}],"line":105},"9":{"loc":{"start":{"line":111,"column":4},"end":{"line":113,"column":5}},"type":"if","locations":[{"start":{"line":111,"column":4},"end":{"line":113,"column":5}},{"start":{},"end":{}}],"line":111},"10":{"loc":{"start":{"line":120,"column":4},"end":{"line":122,"column":5}},"type":"if","locations":[{"start":{"line":120,"column":4},"end":{"line":122,"column":5}},{"start":{},"end":{}}],"line":120},"11":{"loc":{"start":{"line":120,"column":8},"end":{"line":120,"column":57}},"type":"binary-expr","locations":[{"start":{"line":120,"column":8},"end":{"line":120,"column":29}},{"start":{"line":120,"column":34},"end":{"line":120,"column":46}},{"start":{"line":120,"column":50},"end":{"line":120,"column":56}}],"line":120},"12":{"loc":{"start":{"line":135,"column":2},"end":{"line":137,"column":3}},"type":"if","locations":[{"start":{"line":135,"column":2},"end":{"line":137,"column":3}},{"start":{},"end":{}}],"line":135},"13":{"loc":{"start":{"line":140,"column":2},"end":{"line":142,"column":3}},"type":"if","locations":[{"start":{"line":140,"column":2},"end":{"line":142,"column":3}},{"start":{},"end":{}}],"line":140},"14":{"loc":{"start":{"line":146,"column":4},"end":{"line":161,"column":5}},"type":"if","locations":[{"start":{"line":146,"column":4},"end":{"line":161,"column":5}},{"start":{},"end":{}}],"line":146},"15":{"loc":{"start":{"line":146,"column":8},"end":{"line":146,"column":26}},"type":"binary-expr","locations":[{"start":{"line":146,"column":8},"end":{"line":146,"column":14}},{"start":{"line":146,"column":18},"end":{"line":146,"column":26}}],"line":146},"16":{"loc":{"start":{"line":152,"column":6},"end":{"line":160,"column":7}},"type":"if","locations":[{"start":{"line":152,"column":6},"end":{"line":160,"column":7}},{"start":{},"end":{}}],"line":152},"17":{"loc":{"start":{"line":154,"column":8},"end":{"line":156,"column":9}},"type":"if","locations":[{"start":{"line":154,"column":8},"end":{"line":156,"column":9}},{"start":{},"end":{}}],"line":154},"18":{"loc":{"start":{"line":157,"column":8},"end":{"line":159,"column":9}},"type":"if","locations":[{"start":{"line":157,"column":8},"end":{"line":159,"column":9}},{"start":{},"end":{}}],"line":157},"19":{"loc":{"start":{"line":166,"column":4},"end":{"line":168,"column":5}},"type":"if","locations":[{"start":{"line":166,"column":4},"end":{"line":168,"column":5}},{"start":{},"end":{}}],"line":166},"20":{"loc":{"start":{"line":172,"column":30},"end":{"line":172,"column":84}},"type":"cond-expr","locations":[{"start":{"line":172,"column":53},"end":{"line":172,"column":59}},{"start":{"line":172,"column":62},"end":{"line":172,"column":84}}],"line":172},"21":{"loc":{"start":{"line":173,"column":32},"end":{"line":173,"column":92}},"type":"cond-expr","locations":[{"start":{"line":173,"column":57},"end":{"line":173,"column":65}},{"start":{"line":173,"column":68},"end":{"line":173,"column":92}}],"line":173},"22":{"loc":{"start":{"line":174,"column":32},"end":{"line":174,"column":92}},"type":"cond-expr","locations":[{"start":{"line":174,"column":57},"end":{"line":174,"column":65}},{"start":{"line":174,"column":68},"end":{"line":174,"column":92}}],"line":174},"23":{"loc":{"start":{"line":193,"column":2},"end":{"line":195,"column":3}},"type":"if","locations":[{"start":{"line":193,"column":2},"end":{"line":195,"column":3}},{"start":{},"end":{}}],"line":193},"24":{"loc":{"start":{"line":201,"column":4},"end":{"line":203,"column":5}},"type":"if","locations":[{"start":{"line":201,"column":4},"end":{"line":203,"column":5}},{"start":{},"end":{}}],"line":201}},"s":{"0":1,"1":1,"2":1,"3":1,"4":0,"5":1,"6":0,"7":1,"8":1,"9":1,"10":4,"11":4,"12":4,"13":0,"14":0,"15":0,"16":0,"17":0,"18":0,"19":0,"20":0,"21":0,"22":0,"23":0,"24":0,"25":1,"26":2,"27":2,"28":2,"29":0,"30":1,"31":0,"32":0,"33":0,"34":0,"35":0,"36":0,"37":0,"38":0,"39":0,"40":0,"41":0,"42":0,"43":0,"44":0,"45":0,"46":0,"47":0,"48":0,"49":0,"50":0,"51":0,"52":0,"53":1,"54":2,"55":2,"56":1,"57":1,"58":1,"59":0,"60":1,"61":1,"62":1,"63":1,"64":1,"65":1,"66":1,"67":1,"68":0,"69":1,"70":0,"71":1,"72":1,"73":0,"74":1,"75":1,"76":1,"77":1,"78":1,"79":1,"80":0,"81":1,"82":3,"83":3,"84":1,"85":2,"86":2,"87":1,"88":1,"89":0,"90":1},"f":{"0":1,"1":4,"2":2,"3":0,"4":2,"5":3},"b":{"0":[0,1],"1":[0,1],"2":[4,0],"3":[0,0],"4":[0,0],"5":[0,0],"6":[0,0],"7":[0,0],"8":[0,0],"9":[0,0],"10":[0,0],"11":[0,0,0],"12":[1,1],"13":[0,1],"14":[1,0],"15":[1,0],"16":[1,0],"17":[0,1],"18":[0,1],"19":[0,1],"20":[1,0],"21":[0,1],"22":[0,1],"23":[1,2],"24":[1,0]},"_coverageSchema":"1a1c01bbd47fc00a2c39e90264f33305004495a9","hash":"1476c11738af1cbd523879632c9dea8f54a1ef26"}
,"C:\\Users\\rodri\\OneDrive\\Documentos\\Utng\\Cuatrimestre10\\Desarrrollo Mobil\\flashgram\\backend-paws\\src\\controllers\\usuarioController.js": {"path":"C:\\Users\\rodri\\OneDrive\\Documentos\\Utng\\Cuatrimestre10\\Desarrrollo Mobil\\flashgram\\backend-paws\\src\\controllers\\usuarioController.js","statementMap":{"0":{"start":{"line":1,"column":13},"end":{"line":1,"column":29}},"1":{"start":{"line":2,"column":15},"end":{"line":2,"column":32}},"2":{"start":{"line":3,"column":18},"end":{"line":3,"column":38}},"3":{"start":{"line":4,"column":15},"end":{"line":4,"column":32}},"4":{"start":{"line":5,"column":99},"end":{"line":5,"column":141}},"5":{"start":{"line":6,"column":19},"end":{"line":6,"column":40}},"6":{"start":{"line":8,"column":20},"end":{"line":17,"column":2}},"7":{"start":{"line":20,"column":21},"end":{"line":68,"column":1}},"8":{"start":{"line":21,"column":2},"end":{"line":67,"column":3}},"9":{"start":{"line":23,"column":29},"end":{"line":23,"column":86}},"10":{"start":{"line":24,"column":4},"end":{"line":26,"column":5}},"11":{"start":{"line":25,"column":6},"end":{"line":25,"column":73}},"12":{"start":{"line":29,"column":45},"end":{"line":29,"column":50}},"13":{"start":{"line":32,"column":27},"end":{"line":32,"column":58}},"14":{"start":{"line":35,"column":19},"end":{"line":35,"column":59}},"15":{"start":{"line":36,"column":25},"end":{"line":36,"column":38}},"16":{"start":{"line":39,"column":19},"end":{"line":42,"column":5}},"17":{"start":{"line":45,"column":18},"end":{"line":45,"column":60}},"18":{"start":{"line":48,"column":24},"end":{"line":57,"column":5}},"19":{"start":{"line":58,"column":4},"end":{"line":58,"column":44}},"20":{"start":{"line":60,"column":4},"end":{"line":64,"column":7}},"21":{"start":{"line":66,"column":4},"end":{"line":66,"column":84}},"22":{"start":{"line":70,"column":24},"end":{"line":103,"column":1}},"23":{"start":{"line":71,"column":2},"end":{"line":102,"column":3}},"24":{"start":{"line":73,"column":29},"end":{"line":73,"column":87}},"25":{"start":{"line":74,"column":4},"end":{"line":76,"column":5}},"26":{"start":{"line":75,"column":6},"end":{"line":75,"column":73}},"27":{"start":{"line":78,"column":19},"end":{"line":78,"column":24}},"28":{"start":{"line":81,"column":4},"end":{"line":94,"column":5}},"29":{"start":{"line":83,"column":6},"end":{"line":83,"column":95}},"30":{"start":{"line":86,"column":6},"end":{"line":89,"column":8}},"31":{"start":{"line":91,"column":6},"end":{"line":93,"column":7}},"32":{"start":{"line":92,"column":8},"end":{"line":92,"column":75}},"33":{"start":{"line":96,"column":4},"end":{"line":96,"column":26}},"34":{"start":{"line":98,"column":4},"end":{"line":101,"column":7}},"35":{"start":{"line":107,"column":24},"end":{"line":163,"column":1}},"36":{"start":{"line":108,"column":2},"end":{"line":161,"column":3}},"37":{"start":{"line":109,"column":19},"end":{"line":109,"column":27}},"38":{"start":{"line":112,"column":4},"end":{"line":117,"column":5}},"39":{"start":{"line":113,"column":6},"end":{"line":116,"column":9}},"40":{"start":{"line":119,"column":19},"end":{"line":122,"column":5}},"41":{"start":{"line":124,"column":4},"end":{"line":129,"column":5}},"42":{"start":{"line":125,"column":6},"end":{"line":128,"column":9}},"43":{"start":{"line":132,"column":24},"end":{"line":141,"column":5}},"44":{"start":{"line":143,"column":4},"end":{"line":148,"column":5}},"45":{"start":{"line":144,"column":6},"end":{"line":144,"column":46}},"46":{"start":{"line":146,"column":6},"end":{"line":146,"column":71}},"47":{"start":{"line":150,"column":4},"end":{"line":154,"column":7}},"48":{"start":{"line":156,"column":4},"end":{"line":156,"column":53}},"49":{"start":{"line":157,"column":4},"end":{"line":160,"column":7}},"50":{"start":{"line":163,"column":28},"end":{"line":217,"column":1}},"51":{"start":{"line":164,"column":2},"end":{"line":216,"column":3}},"52":{"start":{"line":165,"column":29},"end":{"line":165,"column":71}},"53":{"start":{"line":167,"column":4},"end":{"line":169,"column":5}},"54":{"start":{"line":168,"column":6},"end":{"line":168,"column":77}},"55":{"start":{"line":171,"column":39},"end":{"line":171,"column":44}},"56":{"start":{"line":174,"column":19},"end":{"line":177,"column":5}},"57":{"start":{"line":179,"column":4},"end":{"line":181,"column":5}},"58":{"start":{"line":180,"column":6},"end":{"line":180,"column":77}},"59":{"start":{"line":184,"column":24},"end":{"line":198,"column":5}},"60":{"start":{"line":200,"column":4},"end":{"line":205,"column":5}},"61":{"start":{"line":201,"column":6},"end":{"line":201,"column":46}},"62":{"start":{"line":203,"column":6},"end":{"line":203,"column":73}},"63":{"start":{"line":207,"column":4},"end":{"line":211,"column":7}},"64":{"start":{"line":214,"column":4},"end":{"line":214,"column":54}},"65":{"start":{"line":215,"column":4},"end":{"line":215,"column":89}},"66":{"start":{"line":221,"column":0},"end":{"line":226,"column":2}}},"fnMap":{"0":{"name":"(anonymous_0)","decl":{"start":{"line":20,"column":21},"end":{"line":20,"column":22}},"loc":{"start":{"line":20,"column":41},"end":{"line":68,"column":1}},"line":20},"1":{"name":"(anonymous_1)","decl":{"start":{"line":70,"column":24},"end":{"line":70,"column":25}},"loc":{"start":{"line":70,"column":44},"end":{"line":103,"column":1}},"line":70},"2":{"name":"(anonymous_2)","decl":{"start":{"line":107,"column":24},"end":{"line":107,"column":25}},"loc":{"start":{"line":107,"column":44},"end":{"line":163,"column":1}},"line":107},"3":{"name":"(anonymous_3)","decl":{"start":{"line":163,"column":28},"end":{"line":163,"column":29}},"loc":{"start":{"line":163,"column":48},"end":{"line":217,"column":1}},"line":163}},"branchMap":{"0":{"loc":{"start":{"line":24,"column":4},"end":{"line":26,"column":5}},"type":"if","locations":[{"start":{"line":24,"column":4},"end":{"line":26,"column":5}},{"start":{},"end":{}}],"line":24},"1":{"loc":{"start":{"line":74,"column":4},"end":{"line":76,"column":5}},"type":"if","locations":[{"start":{"line":74,"column":4},"end":{"line":76,"column":5}},{"start":{},"end":{}}],"line":74},"2":{"loc":{"start":{"line":81,"column":4},"end":{"line":94,"column":5}},"type":"if","locations":[{"start":{"line":81,"column":4},"end":{"line":94,"column":5}},{"start":{"line":84,"column":11},"end":{"line":94,"column":5}}],"line":81},"3":{"loc":{"start":{"line":91,"column":6},"end":{"line":93,"column":7}},"type":"if","locations":[{"start":{"line":91,"column":6},"end":{"line":93,"column":7}},{"start":{},"end":{}}],"line":91},"4":{"loc":{"start":{"line":112,"column":4},"end":{"line":117,"column":5}},"type":"if","locations":[{"start":{"line":112,"column":4},"end":{"line":117,"column":5}},{"start":{},"end":{}}],"line":112},"5":{"loc":{"start":{"line":112,"column":8},"end":{"line":112,"column":40}},"type":"binary-expr","locations":[{"start":{"line":112,"column":8},"end":{"line":112,"column":29}},{"start":{"line":112,"column":33},"end":{"line":112,"column":40}}],"line":112},"6":{"loc":{"start":{"line":124,"column":4},"end":{"line":129,"column":5}},"type":"if","locations":[{"start":{"line":124,"column":4},"end":{"line":129,"column":5}},{"start":{},"end":{}}],"line":124},"7":{"loc":{"start":{"line":167,"column":4},"end":{"line":169,"column":5}},"type":"if","locations":[{"start":{"line":167,"column":4},"end":{"line":169,"column":5}},{"start":{},"end":{}}],"line":167},"8":{"loc":{"start":{"line":179,"column":4},"end":{"line":181,"column":5}},"type":"if","locations":[{"start":{"line":179,"column":4},"end":{"line":181,"column":5}},{"start":{},"end":{}}],"line":179}},"s":{"0":1,"1":1,"2":1,"3":1,"4":1,"5":1,"6":1,"7":1,"8":3,"9":3,"10":3,"11":1,"12":2,"13":2,"14":2,"15":2,"16":2,"17":1,"18":1,"19":1,"20":1,"21":1,"22":1,"23":4,"24":4,"25":4,"26":0,"27":4,"28":4,"29":2,"30":2,"31":2,"32":1,"33":2,"34":1,"35":1,"36":3,"37":3,"38":3,"39":1,"40":2,"41":1,"42":0,"43":1,"44":1,"45":1,"46":0,"47":1,"48":1,"49":1,"50":1,"51":4,"52":4,"53":4,"54":1,"55":3,"56":3,"57":2,"58":1,"59":1,"60":1,"61":1,"62":0,"63":1,"64":1,"65":1,"66":1},"f":{"0":3,"1":4,"2":3,"3":4},"b":{"0":[1,2],"1":[0,4],"2":[2,2],"3":[1,1],"4":[1,2],"5":[3,3],"6":[0,1],"7":[1,3],"8":[1,1]},"_coverageSchema":"1a1c01bbd47fc00a2c39e90264f33305004495a9","hash":"ea539bf381bb22ae75603649a512a38eb294c3ed"}
,"C:\\Users\\rodri\\OneDrive\\Documentos\\Utng\\Cuatrimestre10\\Desarrrollo Mobil\\flashgram\\backend-paws\\src\\validators\\authValidators.js": {"path":"C:\\Users\\rodri\\OneDrive\\Documentos\\Utng\\Cuatrimestre10\\Desarrrollo Mobil\\flashgram\\backend-paws\\src\\validators\\authValidators.js","statementMap":{"0":{"start":{"line":2,"column":12},"end":{"line":2,"column":26}},"1":{"start":{"line":5,"column":20},"end":{"line":22,"column":17}},"2":{"start":{"line":25,"column":29},"end":{"line":35,"column":17}},"3":{"start":{"line":38,"column":28},"end":{"line":53,"column":17}},"4":{"start":{"line":56,"column":25},"end":{"line":76,"column":17}},"5":{"start":{"line":78,"column":0},"end":{"line":83,"column":2}}},"fnMap":{},"branchMap":{},"s":{"0":1,"1":1,"2":1,"3":1,"4":1,"5":1},"f":{},"b":{},"_coverageSchema":"1a1c01bbd47fc00a2c39e90264f33305004495a9","hash":"7a423d295d1c8de3534a0460c94c204fc7252747"}
,"C:\\Users\\rodri\\OneDrive\\Documentos\\Utng\\Cuatrimestre10\\Desarrrollo Mobil\\flashgram\\backend-paws\\src\\validators\\clienteValidator.js": {"path":"C:\\Users\\rodri\\OneDrive\\Documentos\\Utng\\Cuatrimestre10\\Desarrrollo Mobil\\flashgram\\backend-paws\\src\\validators\\clienteValidator.js","statementMap":{"0":{"start":{"line":2,"column":12},"end":{"line":2,"column":26}},"1":{"start":{"line":5,"column":25},"end":{"line":15,"column":4}},"2":{"start":{"line":18,"column":27},"end":{"line":29,"column":4}},"3":{"start":{"line":32,"column":27},"end":{"line":34,"column":2}},"4":{"start":{"line":37,"column":27},"end":{"line":41,"column":2}},"5":{"start":{"line":44,"column":32},"end":{"line":51,"column":4}},"6":{"start":{"line":56,"column":28},"end":{"line":59,"column":2}},"7":{"start":{"line":61,"column":0},"end":{"line":65,"column":2}}},"fnMap":{},"branchMap":{},"s":{"0":1,"1":1,"2":1,"3":1,"4":1,"5":1,"6":1,"7":1},"f":{},"b":{},"_coverageSchema":"1a1c01bbd47fc00a2c39e90264f33305004495a9","hash":"85f1e822b3c9ad866dd88dda4260bbc8155072be"}
,"C:\\Users\\rodri\\OneDrive\\Documentos\\Utng\\Cuatrimestre10\\Desarrrollo Mobil\\flashgram\\backend-paws\\src\\validators\\locationValidators.js": {"path":"C:\\Users\\rodri\\OneDrive\\Documentos\\Utng\\Cuatrimestre10\\Desarrrollo Mobil\\flashgram\\backend-paws\\src\\validators\\locationValidators.js","statementMap":{"0":{"start":{"line":2,"column":12},"end":{"line":2,"column":26}},"1":{"start":{"line":4,"column":23},"end":{"line":19,"column":2}},"2":{"start":{"line":21,"column":21},"end":{"line":23,"column":2}},"3":{"start":{"line":25,"column":0},"end":{"line":28,"column":2}}},"fnMap":{},"branchMap":{},"s":{"0":0,"1":0,"2":0,"3":0},"f":{},"b":{}}
,"C:\\Users\\rodri\\OneDrive\\Documentos\\Utng\\Cuatrimestre10\\Desarrrollo Mobil\\flashgram\\backend-paws\\src\\validators\\movimientoValidators.js": {"path":"C:\\Users\\rodri\\OneDrive\\Documentos\\Utng\\Cuatrimestre10\\Desarrrollo Mobil\\flashgram\\backend-paws\\src\\validators\\movimientoValidators.js","statementMap":{"0":{"start":{"line":2,"column":12},"end":{"line":2,"column":26}},"1":{"start":{"line":5,"column":18},"end":{"line":5,"column":47}},"2":{"start":{"line":8,"column":21},"end":{"line":8,"column":42}},"3":{"start":{"line":11,"column":31},"end":{"line":66,"column":2}},"4":{"start":{"line":69,"column":38},"end":{"line":79,"column":2}},"5":{"start":{"line":81,"column":0},"end":{"line":84,"column":2}}},"fnMap":{},"branchMap":{},"s":{"0":0,"1":0,"2":0,"3":0,"4":0,"5":0},"f":{},"b":{}}
,"C:\\Users\\rodri\\OneDrive\\Documentos\\Utng\\Cuatrimestre10\\Desarrrollo Mobil\\flashgram\\backend-paws\\src\\validators\\productValidators.js": {"path":"C:\\Users\\rodri\\OneDrive\\Documentos\\Utng\\Cuatrimestre10\\Desarrrollo Mobil\\flashgram\\backend-paws\\src\\validators\\productValidators.js","statementMap":{"0":{"start":{"line":2,"column":12},"end":{"line":2,"column":26}},"1":{"start":{"line":5,"column":18},"end":{"line":5,"column":47}},"2":{"start":{"line":8,"column":28},"end":{"line":73,"column":2}},"3":{"start":{"line":77,"column":28},"end":{"line":93,"column":2}},"4":{"start":{"line":96,"column":28},"end":{"line":98,"column":2}},"5":{"start":{"line":100,"column":0},"end":{"line":104,"column":2}}},"fnMap":{},"branchMap":{},"s":{"0":0,"1":0,"2":0,"3":0,"4":0,"5":0},"f":{},"b":{}}
,"C:\\Users\\rodri\\OneDrive\\Documentos\\Utng\\Cuatrimestre10\\Desarrrollo Mobil\\flashgram\\backend-paws\\src\\validators\\proveedorValidator.js": {"path":"C:\\Users\\rodri\\OneDrive\\Documentos\\Utng\\Cuatrimestre10\\Desarrrollo Mobil\\flashgram\\backend-paws\\src\\validators\\proveedorValidator.js","statementMap":{"0":{"start":{"line":3,"column":12},"end":{"line":3,"column":26}},"1":{"start":{"line":6,"column":25},"end":{"line":16,"column":4}},"2":{"start":{"line":19,"column":27},"end":{"line":30,"column":4}},"3":{"start":{"line":33,"column":27},"end":{"line":35,"column":2}},"4":{"start":{"line":38,"column":29},"end":{"line":42,"column":2}},"5":{"start":{"line":45,"column":34},"end":{"line":52,"column":4}},"6":{"start":{"line":55,"column":30},"end":{"line":58,"column":2}},"7":{"start":{"line":60,"column":0},"end":{"line":64,"column":2}}},"fnMap":{},"branchMap":{},"s":{"0":1,"1":1,"2":1,"3":1,"4":1,"5":1,"6":1,"7":1},"f":{},"b":{},"_coverageSchema":"1a1c01bbd47fc00a2c39e90264f33305004495a9","hash":"9cc450037432c37e7984d1b9994644d2178a13c1"}
,"C:\\Users\\rodri\\OneDrive\\Documentos\\Utng\\Cuatrimestre10\\Desarrrollo Mobil\\flashgram\\backend-paws\\src\\validators\\usuarioValidation.js": {"path":"C:\\Users\\rodri\\OneDrive\\Documentos\\Utng\\Cuatrimestre10\\Desarrrollo Mobil\\flashgram\\backend-paws\\src\\validators\\usuarioValidation.js","statementMap":{"0":{"start":{"line":2,"column":12},"end":{"line":2,"column":26}},"1":{"start":{"line":5,"column":27},"end":{"line":41,"column":17}},"2":{"start":{"line":44,"column":30},"end":{"line":55,"column":17}},"3":{"start":{"line":59,"column":32},"end":{"line":92,"column":2}},"4":{"start":{"line":94,"column":29},"end":{"line":104,"column":17}},"5":{"start":{"line":107,"column":0},"end":{"line":112,"column":2}}},"fnMap":{},"branchMap":{},"s":{"0":1,"1":1,"2":1,"3":1,"4":1,"5":1},"f":{},"b":{},"_coverageSchema":"1a1c01bbd47fc00a2c39e90264f33305004495a9","hash":"d0843d95bf8d4fa44e1045e524f5283ea13f7764"}
}
