{"C:\\Users\\rodri\\OneDrive\\Documentos\\Utng\\Cuatrimestre10\\Desarrrollo Mobil\\flashgram\\backend-paws\\src\\controllers\\authController.js": {"path":"C:\\Users\\rodri\\OneDrive\\Documentos\\Utng\\Cuatrimestre10\\Desarrrollo Mobil\\flashgram\\backend-paws\\src\\controllers\\authController.js","statementMap":{"0":{"start":{"line":1,"column":12},"end":{"line":1,"column":35}},"1":{"start":{"line":2,"column":15},"end":{"line":2,"column":34}},"2":{"start":{"line":3,"column":19},"end":{"line":3,"column":40}},"3":{"start":{"line":4,"column":11},"end":{"line":4,"column":33}},"4":{"start":{"line":5,"column":22},"end":{"line":5,"column":61}},"5":{"start":{"line":6,"column":27},"end":{"line":6,"column":58}},"6":{"start":{"line":9,"column":20},"end":{"line":18,"column":2}},"7":{"start":{"line":21,"column":0},"end":{"line":76,"column":2}},"8":{"start":{"line":23,"column":22},"end":{"line":23,"column":75}},"9":{"start":{"line":24,"column":4},"end":{"line":26,"column":5}},"10":{"start":{"line":25,"column":8},"end":{"line":25,"column":75}},"11":{"start":{"line":28,"column":22},"end":{"line":28,"column":30}},"12":{"start":{"line":29,"column":4},"end":{"line":75,"column":5}},"13":{"start":{"line":30,"column":23},"end":{"line":30,"column":89}},"14":{"start":{"line":31,"column":21},"end":{"line":31,"column":35}},"15":{"start":{"line":33,"column":8},"end":{"line":35,"column":9}},"16":{"start":{"line":34,"column":12},"end":{"line":34,"column":133}},"17":{"start":{"line":37,"column":22},"end":{"line":37,"column":92}},"18":{"start":{"line":38,"column":24},"end":{"line":38,"column":54}},"19":{"start":{"line":40,"column":8},"end":{"line":41,"column":39}},"20":{"start":{"line":43,"column":28},"end":{"line":48,"column":9}},"21":{"start":{"line":50,"column":8},"end":{"line":50,"column":48}},"22":{"start":{"line":52,"column":34},"end":{"line":61,"column":9}},"23":{"start":{"line":62,"column":8},"end":{"line":62,"column":54}},"24":{"start":{"line":65,"column":8},"end":{"line":65,"column":34}},"25":{"start":{"line":66,"column":8},"end":{"line":66,"column":56}},"26":{"start":{"line":69,"column":8},"end":{"line":69,"column":53}},"27":{"start":{"line":71,"column":8},"end":{"line":71,"column":107}},"28":{"start":{"line":73,"column":8},"end":{"line":73,"column":57}},"29":{"start":{"line":74,"column":8},"end":{"line":74,"column":73}},"30":{"start":{"line":79,"column":0},"end":{"line":125,"column":2}},"31":{"start":{"line":81,"column":22},"end":{"line":81,"column":74}},"32":{"start":{"line":82,"column":4},"end":{"line":84,"column":5}},"33":{"start":{"line":83,"column":8},"end":{"line":83,"column":75}},"34":{"start":{"line":86,"column":22},"end":{"line":86,"column":32}},"35":{"start":{"line":87,"column":28},"end":{"line":87,"column":36}},"36":{"start":{"line":89,"column":4},"end":{"line":124,"column":5}},"37":{"start":{"line":90,"column":23},"end":{"line":90,"column":139}},"38":{"start":{"line":92,"column":8},"end":{"line":94,"column":9}},"39":{"start":{"line":93,"column":12},"end":{"line":93,"column":92}},"40":{"start":{"line":96,"column":21},"end":{"line":96,"column":35}},"41":{"start":{"line":97,"column":31},"end":{"line":97,"column":65}},"42":{"start":{"line":99,"column":8},"end":{"line":100,"column":39}},"43":{"start":{"line":103,"column":8},"end":{"line":103,"column":34}},"44":{"start":{"line":104,"column":8},"end":{"line":104,"column":47}},"45":{"start":{"line":107,"column":8},"end":{"line":107,"column":53}},"46":{"start":{"line":108,"column":34},"end":{"line":116,"column":9}},"47":{"start":{"line":117,"column":8},"end":{"line":117,"column":54}},"48":{"start":{"line":119,"column":8},"end":{"line":119,"column":83}},"49":{"start":{"line":122,"column":8},"end":{"line":122,"column":56}},"50":{"start":{"line":123,"column":8},"end":{"line":123,"column":73}},"51":{"start":{"line":127,"column":18},"end":{"line":127,"column":38}},"52":{"start":{"line":130,"column":0},"end":{"line":186,"column":2}},"53":{"start":{"line":131,"column":32},"end":{"line":131,"column":40}},"54":{"start":{"line":133,"column":4},"end":{"line":185,"column":5}},"55":{"start":{"line":134,"column":23},"end":{"line":134,"column":89}},"56":{"start":{"line":135,"column":21},"end":{"line":135,"column":35}},"57":{"start":{"line":137,"column":8},"end":{"line":139,"column":9}},"58":{"start":{"line":138,"column":12},"end":{"line":138,"column":80}},"59":{"start":{"line":142,"column":33},"end":{"line":142,"column":87}},"60":{"start":{"line":143,"column":24},"end":{"line":143,"column":53}},"61":{"start":{"line":145,"column":8},"end":{"line":148,"column":10}},"62":{"start":{"line":150,"column":28},"end":{"line":155,"column":9}},"63":{"start":{"line":157,"column":8},"end":{"line":173,"column":9}},"64":{"start":{"line":158,"column":12},"end":{"line":158,"column":52}},"65":{"start":{"line":159,"column":12},"end":{"line":164,"column":15}},"66":{"start":{"line":166,"column":12},"end":{"line":166,"column":78}},"67":{"start":{"line":167,"column":12},"end":{"line":172,"column":15}},"68":{"start":{"line":176,"column":8},"end":{"line":176,"column":34}},"69":{"start":{"line":177,"column":8},"end":{"line":177,"column":47}},"70":{"start":{"line":180,"column":8},"end":{"line":180,"column":53}},"71":{"start":{"line":183,"column":8},"end":{"line":183,"column":48}},"72":{"start":{"line":184,"column":8},"end":{"line":184,"column":73}},"73":{"start":{"line":190,"column":0},"end":{"line":250,"column":2}},"74":{"start":{"line":191,"column":22},"end":{"line":191,"column":71}},"75":{"start":{"line":192,"column":4},"end":{"line":192,"column":82}},"76":{"start":{"line":192,"column":15},"end":{"line":192,"column":82}},"77":{"start":{"line":194,"column":29},"end":{"line":194,"column":37}},"78":{"start":{"line":196,"column":4},"end":{"line":249,"column":5}},"79":{"start":{"line":197,"column":23},"end":{"line":197,"column":87}},"80":{"start":{"line":198,"column":21},"end":{"line":198,"column":35}},"81":{"start":{"line":200,"column":8},"end":{"line":200,"column":86}},"82":{"start":{"line":200,"column":19},"end":{"line":200,"column":86}},"83":{"start":{"line":202,"column":20},"end":{"line":202,"column":30}},"84":{"start":{"line":206,"column":12},"end":{"line":206,"column":83}},"85":{"start":{"line":209,"column":28},"end":{"line":216,"column":19}},"86":{"start":{"line":218,"column":8},"end":{"line":220,"column":9}},"87":{"start":{"line":219,"column":12},"end":{"line":219,"column":84}},"88":{"start":{"line":224,"column":8},"end":{"line":224,"column":90}},"89":{"start":{"line":229,"column":22},"end":{"line":229,"column":92}},"90":{"start":{"line":232,"column":8},"end":{"line":237,"column":9}},"91":{"start":{"line":233,"column":12},"end":{"line":236,"column":14}},"92":{"start":{"line":239,"column":23},"end":{"line":239,"column":53}},"93":{"start":{"line":240,"column":8},"end":{"line":244,"column":11}},"94":{"start":{"line":247,"column":8},"end":{"line":247,"column":53}},"95":{"start":{"line":248,"column":8},"end":{"line":248,"column":73}},"96":{"start":{"line":254,"column":0},"end":{"line":271,"column":2}},"97":{"start":{"line":256,"column":19},"end":{"line":256,"column":30}},"98":{"start":{"line":258,"column":4},"end":{"line":260,"column":5}},"99":{"start":{"line":259,"column":8},"end":{"line":259,"column":102}},"100":{"start":{"line":262,"column":4},"end":{"line":270,"column":5}},"101":{"start":{"line":264,"column":8},"end":{"line":264,"column":91}},"102":{"start":{"line":266,"column":8},"end":{"line":266,"column":74}},"103":{"start":{"line":268,"column":8},"end":{"line":268,"column":49}},"104":{"start":{"line":269,"column":8},"end":{"line":269,"column":73}}},"fnMap":{"0":{"name":"(anonymous_0)","decl":{"start":{"line":21,"column":25},"end":{"line":21,"column":26}},"loc":{"start":{"line":21,"column":45},"end":{"line":76,"column":1}},"line":21},"1":{"name":"(anonymous_1)","decl":{"start":{"line":79,"column":24},"end":{"line":79,"column":25}},"loc":{"start":{"line":79,"column":44},"end":{"line":125,"column":1}},"line":79},"2":{"name":"(anonymous_2)","decl":{"start":{"line":130,"column":16},"end":{"line":130,"column":17}},"loc":{"start":{"line":130,"column":36},"end":{"line":186,"column":1}},"line":130},"3":{"name":"(anonymous_3)","decl":{"start":{"line":190,"column":21},"end":{"line":190,"column":22}},"loc":{"start":{"line":190,"column":41},"end":{"line":250,"column":1}},"line":190},"4":{"name":"(anonymous_4)","decl":{"start":{"line":254,"column":17},"end":{"line":254,"column":18}},"loc":{"start":{"line":254,"column":37},"end":{"line":271,"column":1}},"line":254}},"branchMap":{"0":{"loc":{"start":{"line":24,"column":4},"end":{"line":26,"column":5}},"type":"if","locations":[{"start":{"line":24,"column":4},"end":{"line":26,"column":5}},{"start":{},"end":{}}],"line":24},"1":{"loc":{"start":{"line":33,"column":8},"end":{"line":35,"column":9}},"type":"if","locations":[{"start":{"line":33,"column":8},"end":{"line":35,"column":9}},{"start":{},"end":{}}],"line":33},"2":{"loc":{"start":{"line":82,"column":4},"end":{"line":84,"column":5}},"type":"if","locations":[{"start":{"line":82,"column":4},"end":{"line":84,"column":5}},{"start":{},"end":{}}],"line":82},"3":{"loc":{"start":{"line":92,"column":8},"end":{"line":94,"column":9}},"type":"if","locations":[{"start":{"line":92,"column":8},"end":{"line":94,"column":9}},{"start":{},"end":{}}],"line":92},"4":{"loc":{"start":{"line":137,"column":8},"end":{"line":139,"column":9}},"type":"if","locations":[{"start":{"line":137,"column":8},"end":{"line":139,"column":9}},{"start":{},"end":{}}],"line":137},"5":{"loc":{"start":{"line":137,"column":12},"end":{"line":137,"column":69}},"type":"binary-expr","locations":[{"start":{"line":137,"column":12},"end":{"line":137,"column":17}},{"start":{"line":137,"column":21},"end":{"line":137,"column":69}}],"line":137},"6":{"loc":{"start":{"line":192,"column":4},"end":{"line":192,"column":82}},"type":"if","locations":[{"start":{"line":192,"column":4},"end":{"line":192,"column":82}},{"start":{},"end":{}}],"line":192},"7":{"loc":{"start":{"line":200,"column":8},"end":{"line":200,"column":86}},"type":"if","locations":[{"start":{"line":200,"column":8},"end":{"line":200,"column":86}},{"start":{},"end":{}}],"line":200},"8":{"loc":{"start":{"line":206,"column":12},"end":{"line":206,"column":83}},"type":"binary-expr","locations":[{"start":{"line":206,"column":12},"end":{"line":206,"column":43}},{"start":{"line":206,"column":47},"end":{"line":206,"column":83}}],"line":206},"9":{"loc":{"start":{"line":209,"column":28},"end":{"line":216,"column":19}},"type":"cond-expr","locations":[{"start":{"line":210,"column":14},"end":{"line":215,"column":16}},{"start":{"line":216,"column":14},"end":{"line":216,"column":19}}],"line":209},"10":{"loc":{"start":{"line":218,"column":8},"end":{"line":220,"column":9}},"type":"if","locations":[{"start":{"line":218,"column":8},"end":{"line":220,"column":9}},{"start":{},"end":{}}],"line":218},"11":{"loc":{"start":{"line":218,"column":12},"end":{"line":218,"column":40}},"type":"binary-expr","locations":[{"start":{"line":218,"column":12},"end":{"line":218,"column":24}},{"start":{"line":218,"column":28},"end":{"line":218,"column":40}}],"line":218},"12":{"loc":{"start":{"line":232,"column":8},"end":{"line":237,"column":9}},"type":"if","locations":[{"start":{"line":232,"column":8},"end":{"line":237,"column":9}},{"start":{},"end":{}}],"line":232},"13":{"loc":{"start":{"line":239,"column":23},"end":{"line":239,"column":53}},"type":"cond-expr","locations":[{"start":{"line":239,"column":37},"end":{"line":239,"column":44}},{"start":{"line":239,"column":47},"end":{"line":239,"column":53}}],"line":239},"14":{"loc":{"start":{"line":258,"column":4},"end":{"line":260,"column":5}},"type":"if","locations":[{"start":{"line":258,"column":4},"end":{"line":260,"column":5}},{"start":{},"end":{}}],"line":258}},"s":{"0":1,"1":1,"2":1,"3":1,"4":1,"5":1,"6":1,"7":1,"8":3,"9":3,"10":1,"11":2,"12":2,"13":2,"14":2,"15":2,"16":1,"17":1,"18":1,"19":1,"20":1,"21":1,"22":0,"23":0,"24":0,"25":0,"26":0,"27":0,"28":1,"29":1,"30":1,"31":3,"32":3,"33":1,"34":2,"35":2,"36":2,"37":2,"38":2,"39":1,"40":1,"41":1,"42":1,"43":1,"44":1,"45":1,"46":1,"47":1,"48":0,"49":1,"50":1,"51":1,"52":1,"53":2,"54":2,"55":2,"56":2,"57":2,"58":1,"59":1,"60":1,"61":1,"62":1,"63":1,"64":1,"65":0,"66":1,"67":1,"68":1,"69":1,"70":1,"71":0,"72":0,"73":1,"74":3,"75":3,"76":1,"77":2,"78":2,"79":2,"80":2,"81":2,"82":1,"83":1,"84":1,"85":1,"86":1,"87":0,"88":1,"89":1,"90":1,"91":1,"92":1,"93":1,"94":0,"95":0,"96":1,"97":2,"98":2,"99":1,"100":1,"101":1,"102":1,"103":0,"104":0},"f":{"0":3,"1":3,"2":2,"3":3,"4":2},"b":{"0":[1,2],"1":[1,1],"2":[1,2],"3":[1,1],"4":[1,1],"5":[2,1],"6":[1,2],"7":[1,1],"8":[1,1],"9":[0,1],"10":[0,1],"11":[1,0],"12":[1,0],"13":[1,0],"14":[1,1]},"_coverageSchema":"1a1c01bbd47fc00a2c39e90264f33305004495a9","hash":"7c8038b68a530422e0b069fc7d73ac4f977878cd"}
,"C:\\Users\\rodri\\OneDrive\\Documentos\\Utng\\Cuatrimestre10\\Desarrrollo Mobil\\flashgram\\backend-paws\\src\\validators\\authValidators.js": {"path":"C:\\Users\\rodri\\OneDrive\\Documentos\\Utng\\Cuatrimestre10\\Desarrrollo Mobil\\flashgram\\backend-paws\\src\\validators\\authValidators.js","statementMap":{"0":{"start":{"line":2,"column":12},"end":{"line":2,"column":26}},"1":{"start":{"line":5,"column":20},"end":{"line":20,"column":17}},"2":{"start":{"line":23,"column":29},"end":{"line":32,"column":17}},"3":{"start":{"line":35,"column":28},"end":{"line":48,"column":17}},"4":{"start":{"line":51,"column":25},"end":{"line":69,"column":17}},"5":{"start":{"line":71,"column":0},"end":{"line":76,"column":2}}},"fnMap":{},"branchMap":{},"s":{"0":1,"1":1,"2":1,"3":1,"4":1,"5":1},"f":{},"b":{},"_coverageSchema":"1a1c01bbd47fc00a2c39e90264f33305004495a9","hash":"174e1aeb133359475c53874d61e262b0a5e7d348"}
}
