TN:
SF:src\controllers\alertaController.js
FN:6,generarFilasHtml
FN:7,(anonymous_1)
FN:25,(anonymous_2)
FN:266,(anonymous_3)
FNF:4
FNH:4
FNDA:1,generarFilasHtml
FNDA:2,(anonymous_1)
FNDA:3,(anonymous_2)
FNDA:3,(anonymous_3)
DA:1,1
DA:2,1
DA:7,1
DA:8,2
DA:9,2
DA:25,1
DA:26,3
DA:27,3
DA:31,2
DA:32,1
DA:33,1
DA:36,1
DA:37,1
DA:247,1
DA:254,1
DA:255,1
DA:256,1
DA:259,1
DA:260,1
DA:266,1
DA:267,3
DA:269,3
DA:271,3
DA:272,2
DA:274,1
DA:280,1
LF:26
LH:26
BRDA:31,0,0,1
BRDA:31,0,1,1
BRDA:271,1,0,2
BRDA:271,1,1,1
BRF:4
BRH:4
end_of_record
TN:
SF:src\controllers\authController.js
FN:21,(anonymous_0)
FN:79,(anonymous_1)
FN:130,(anonymous_2)
FN:190,(anonymous_3)
FN:254,(anonymous_4)
FNF:5
FNH:5
FNDA:4,(anonymous_0)
FNDA:4,(anonymous_1)
FNDA:4,(anonymous_2)
FNDA:4,(anonymous_3)
FNDA:2,(anonymous_4)
DA:1,1
DA:2,1
DA:3,1
DA:4,1
DA:5,1
DA:6,1
DA:9,1
DA:21,1
DA:23,4
DA:24,4
DA:25,1
DA:28,3
DA:29,3
DA:30,3
DA:31,3
DA:33,3
DA:34,1
DA:37,2
DA:38,2
DA:40,2
DA:43,1
DA:50,1
DA:52,1
DA:62,1
DA:65,1
DA:66,1
DA:69,1
DA:71,1
DA:73,1
DA:74,1
DA:79,1
DA:81,4
DA:82,4
DA:83,1
DA:86,3
DA:87,3
DA:89,3
DA:90,3
DA:92,3
DA:93,1
DA:96,2
DA:97,2
DA:99,2
DA:103,1
DA:104,1
DA:107,1
DA:108,1
DA:117,1
DA:119,1
DA:122,1
DA:123,1
DA:127,1
DA:130,1
DA:131,4
DA:133,4
DA:134,4
DA:135,4
DA:137,4
DA:138,2
DA:142,2
DA:143,2
DA:145,2
DA:150,2
DA:157,2
DA:158,2
DA:159,1
DA:166,1
DA:167,1
DA:176,2
DA:177,2
DA:180,2
DA:183,0
DA:184,0
DA:190,1
DA:191,4
DA:192,4
DA:194,4
DA:196,4
DA:197,4
DA:198,4
DA:200,4
DA:202,3
DA:206,3
DA:209,3
DA:218,3
DA:219,1
DA:224,2
DA:229,2
DA:232,2
DA:233,1
DA:239,2
DA:240,2
DA:247,0
DA:248,0
DA:254,1
DA:256,2
DA:258,2
DA:259,1
DA:262,1
DA:264,1
DA:266,1
DA:268,0
DA:269,0
LF:103
LH:97
BRDA:24,0,0,1
BRDA:24,0,1,3
BRDA:33,1,0,1
BRDA:33,1,1,2
BRDA:82,2,0,1
BRDA:82,2,1,3
BRDA:92,3,0,1
BRDA:92,3,1,2
BRDA:137,4,0,2
BRDA:137,4,1,2
BRDA:137,5,0,4
BRDA:137,5,1,3
BRDA:192,6,0,0
BRDA:192,6,1,4
BRDA:200,7,0,1
BRDA:200,7,1,3
BRDA:206,8,0,3
BRDA:206,8,1,1
BRDA:209,9,0,3
BRDA:209,9,1,0
BRDA:218,10,0,1
BRDA:218,10,1,2
BRDA:218,11,0,3
BRDA:218,11,1,2
BRDA:232,12,0,1
BRDA:232,12,1,1
BRDA:239,13,0,1
BRDA:239,13,1,1
BRDA:258,14,0,1
BRDA:258,14,1,1
BRF:30
BRH:28
end_of_record
TN:
SF:src\controllers\clienteController.js
FN:9,(anonymous_0)
FN:25,(anonymous_1)
FN:61,(anonymous_2)
FN:73,(anonymous_3)
FN:120,(anonymous_4)
FN:163,(anonymous_5)
FNF:6
FNH:6
FNDA:6,(anonymous_0)
FNDA:5,(anonymous_1)
FNDA:3,(anonymous_2)
FNDA:8,(anonymous_3)
FNDA:6,(anonymous_4)
FNDA:5,(anonymous_5)
DA:1,1
DA:6,1
DA:9,1
DA:10,6
DA:11,0
DA:15,6
DA:16,1
DA:20,5
DA:21,5
DA:25,1
DA:26,5
DA:27,5
DA:28,1
DA:31,4
DA:33,4
DA:35,4
DA:40,4
DA:41,2
DA:42,2
DA:43,1
DA:45,1
DA:46,1
DA:50,2
DA:54,1
DA:56,1
DA:61,1
DA:62,3
DA:63,3
DA:64,2
DA:66,1
DA:73,1
DA:74,8
DA:75,8
DA:76,1
DA:79,7
DA:81,7
DA:82,7
DA:83,7
DA:84,7
DA:86,7
DA:87,3
DA:88,3
DA:91,7
DA:92,3
DA:93,3
DA:98,7
DA:99,5
DA:102,7
DA:105,7
DA:109,6
DA:110,1
DA:113,5
DA:115,1
DA:120,1
DA:121,6
DA:122,6
DA:123,1
DA:125,5
DA:126,5
DA:127,1
DA:130,4
DA:132,4
DA:133,4
DA:137,4
DA:138,1
DA:142,3
DA:143,3
DA:144,1
DA:147,2
DA:148,2
DA:149,2
DA:150,2
DA:152,2
DA:156,1
DA:158,1
DA:163,1
DA:164,5
DA:165,5
DA:166,1
DA:168,4
DA:169,4
DA:170,2
DA:171,1
DA:173,1
DA:175,2
LF:85
LH:84
BRDA:10,0,0,0
BRDA:10,0,1,6
BRDA:15,1,0,1
BRDA:15,1,1,5
BRDA:27,2,0,1
BRDA:27,2,1,4
BRDA:40,3,0,2
BRDA:40,3,1,2
BRDA:42,4,0,1
BRDA:42,4,1,1
BRDA:45,5,0,1
BRDA:45,5,1,0
BRDA:75,6,0,1
BRDA:75,6,1,7
BRDA:86,7,0,3
BRDA:86,7,1,4
BRDA:91,8,0,3
BRDA:91,8,1,4
BRDA:98,9,0,5
BRDA:98,9,1,2
BRDA:109,10,0,1
BRDA:109,10,1,5
BRDA:109,11,0,6
BRDA:109,11,1,2
BRDA:109,11,2,2
BRDA:122,12,0,1
BRDA:122,12,1,5
BRDA:126,13,0,1
BRDA:126,13,1,4
BRDA:132,14,0,4
BRDA:132,14,1,0
BRDA:132,15,0,4
BRDA:132,15,1,0
BRDA:137,16,0,1
BRDA:137,16,1,3
BRDA:143,17,0,1
BRDA:143,17,1,2
BRDA:148,18,0,2
BRDA:148,18,1,0
BRDA:149,19,0,2
BRDA:149,19,1,0
BRDA:150,20,0,0
BRDA:150,20,1,2
BRDA:165,21,0,1
BRDA:165,21,1,4
BRDA:170,22,0,1
BRDA:170,22,1,1
BRF:47
BRH:40
end_of_record
TN:
SF:src\controllers\locationController.js
FN:17,(anonymous_0)
FN:37,(anonymous_1)
FN:136,(anonymous_2)
FNF:3
FNH:0
FNDA:0,(anonymous_0)
FNDA:0,(anonymous_1)
FNDA:0,(anonymous_2)
DA:3,1
DA:4,1
DA:5,1
DA:9,1
DA:10,1
DA:17,1
DA:19,0
DA:22,0
DA:23,0
DA:24,0
DA:27,0
DA:37,1
DA:39,0
DA:41,0
DA:43,0
DA:44,0
DA:46,0
DA:49,0
DA:50,0
DA:53,0
DA:55,0
DA:56,0
DA:57,0
DA:60,0
DA:66,0
DA:75,0
DA:76,0
DA:77,0
DA:79,0
DA:87,0
DA:94,0
DA:96,0
DA:98,0
DA:102,0
DA:104,0
DA:108,0
DA:109,0
DA:110,0
DA:112,0
DA:116,0
DA:121,0
DA:125,0
DA:136,1
DA:137,0
DA:139,0
DA:140,0
DA:142,0
DA:143,0
DA:144,0
DA:150,0
LF:50
LH:8
BRDA:19,0,0,0
BRDA:19,0,1,0
BRDA:22,1,0,0
BRDA:22,1,1,0
BRDA:22,2,0,0
BRDA:22,2,1,0
BRDA:22,2,2,0
BRDA:43,3,0,0
BRDA:43,3,1,0
BRDA:55,4,0,0
BRDA:55,4,1,0
BRDA:55,5,0,0
BRDA:55,5,1,0
BRDA:70,6,0,0
BRDA:70,6,1,0
BRDA:75,7,0,0
BRDA:75,7,1,0
BRDA:75,8,0,0
BRDA:75,8,1,0
BRDA:94,9,0,0
BRDA:94,9,1,0
BRDA:94,10,0,0
BRDA:94,10,1,0
BRDA:109,11,0,0
BRDA:109,11,1,0
BRDA:139,12,0,0
BRDA:139,12,1,0
BRF:27
BRH:0
end_of_record
TN:
SF:src\controllers\movimientosController.js
FN:11,(anonymous_0)
FN:119,(anonymous_1)
FN:154,(anonymous_2)
FN:216,(anonymous_3)
FNF:4
FNH:3
FNDA:5,(anonymous_0)
FNDA:0,(anonymous_1)
FNDA:3,(anonymous_2)
FNDA:2,(anonymous_3)
DA:2,1
DA:3,1
DA:4,1
DA:11,1
DA:12,5
DA:14,5
DA:15,0
DA:24,5
DA:29,5
DA:30,0
DA:34,5
DA:35,3
DA:36,1
DA:39,2
DA:40,0
DA:45,4
DA:46,2
DA:47,0
DA:50,2
DA:51,0
DA:56,4
DA:58,4
DA:59,4
DA:62,4
DA:68,4
DA:70,4
DA:71,0
DA:72,0
DA:75,2
DA:78,2
DA:79,1
DA:81,1
DA:83,1
DA:84,0
DA:85,0
DA:87,1
DA:92,2
DA:98,2
DA:99,2
DA:101,2
DA:112,2
DA:116,2
DA:117,0
DA:118,0
DA:119,0
DA:124,2
DA:126,2
DA:134,4
DA:135,4
DA:136,4
DA:137,0
DA:139,4
DA:146,4
DA:154,1
DA:155,3
DA:157,3
DA:158,1
DA:165,2
DA:168,2
DA:169,2
DA:172,2
DA:173,2
DA:175,2
DA:176,1
DA:183,1
DA:189,1
DA:191,1
DA:198,0
DA:199,0
DA:205,2
DA:206,2
DA:216,1
DA:217,2
DA:218,2
DA:229,2
DA:231,1
DA:238,1
DA:239,1
LF:78
LH:63
BRDA:14,0,0,0
BRDA:14,0,1,5
BRDA:29,1,0,0
BRDA:29,1,1,5
BRDA:29,2,0,5
BRDA:29,2,1,5
BRDA:34,3,0,3
BRDA:34,3,1,2
BRDA:35,4,0,1
BRDA:35,4,1,2
BRDA:35,5,0,3
BRDA:35,5,1,2
BRDA:39,6,0,0
BRDA:39,6,1,2
BRDA:39,7,0,2
BRDA:39,7,1,0
BRDA:45,8,0,2
BRDA:45,8,1,2
BRDA:46,9,0,0
BRDA:46,9,1,2
BRDA:46,10,0,2
BRDA:46,10,1,2
BRDA:50,11,0,0
BRDA:50,11,1,2
BRDA:50,12,0,2
BRDA:50,12,1,0
BRDA:70,13,0,0
BRDA:70,13,1,2
BRDA:78,14,0,1
BRDA:78,14,1,1
BRDA:81,15,0,1
BRDA:81,15,1,0
BRDA:83,16,0,0
BRDA:83,16,1,1
BRDA:98,17,0,1
BRDA:98,17,1,1
BRDA:99,18,0,1
BRDA:99,18,1,1
BRDA:105,19,0,2
BRDA:105,19,1,2
BRDA:116,20,0,0
BRDA:116,20,1,2
BRDA:116,21,0,2
BRDA:116,21,1,1
BRDA:130,22,0,0
BRDA:130,22,1,0
BRDA:136,23,0,0
BRDA:136,23,1,4
BRDA:157,24,0,1
BRDA:157,24,1,2
BRDA:175,25,0,1
BRDA:175,25,1,1
BRDA:205,26,0,2
BRDA:205,26,1,0
BRF:54
BRH:39
end_of_record
TN:
SF:src\controllers\productController.js
FN:11,(anonymous_0)
FN:41,(anonymous_1)
FN:73,(anonymous_2)
FN:133,(anonymous_3)
FN:207,(anonymous_4)
FN:258,(anonymous_5)
FNF:6
FNH:6
FNDA:2,(anonymous_0)
FNDA:2,(anonymous_1)
FNDA:3,(anonymous_2)
FNDA:2,(anonymous_3)
FNDA:3,(anonymous_4)
FNDA:4,(anonymous_5)
DA:3,1
DA:4,1
DA:11,1
DA:12,2
DA:13,2
DA:18,2
DA:20,1
DA:27,1
DA:28,1
DA:41,1
DA:42,2
DA:44,2
DA:50,2
DA:52,1
DA:60,1
DA:61,1
DA:73,1
DA:74,3
DA:76,3
DA:77,1
DA:84,2
DA:86,2
DA:88,2
DA:93,2
DA:103,2
DA:104,2
DA:106,1
DA:113,1
DA:114,1
DA:120,0
DA:121,0
DA:133,1
DA:134,2
DA:136,2
DA:137,1
DA:144,1
DA:146,1
DA:147,1
DA:148,1
DA:151,1
DA:152,2
DA:153,1
DA:154,1
DA:159,1
DA:161,1
DA:163,1
DA:169,1
DA:170,1
DA:172,1
DA:173,0
DA:179,1
DA:187,0
DA:188,0
DA:194,0
DA:195,0
DA:207,1
DA:208,3
DA:210,3
DA:211,0
DA:218,3
DA:219,3
DA:221,3
DA:222,3
DA:224,2
DA:225,1
DA:231,1
DA:238,1
DA:239,1
DA:245,0
DA:246,0
DA:258,1
DA:259,4
DA:261,4
DA:262,1
DA:268,3
DA:269,0
DA:275,3
DA:276,3
DA:277,3
DA:279,3
DA:280,2
DA:281,2
DA:283,3
DA:284,1
DA:285,1
DA:286,1
DA:289,3
DA:291,3
DA:292,3
DA:294,3
DA:295,1
DA:301,2
DA:308,0
DA:309,0
LF:94
LH:81
BRDA:76,0,0,1
BRDA:76,0,1,2
BRDA:84,1,0,0
BRDA:84,1,1,2
BRDA:96,2,0,2
BRDA:96,2,1,2
BRDA:113,3,0,1
BRDA:113,3,1,0
BRDA:136,4,0,1
BRDA:136,4,1,1
BRDA:152,5,0,1
BRDA:152,5,1,1
BRDA:172,6,0,0
BRDA:172,6,1,1
BRDA:187,7,0,0
BRDA:187,7,1,0
BRDA:210,8,0,0
BRDA:210,8,1,3
BRDA:224,9,0,1
BRDA:224,9,1,1
BRDA:238,10,0,1
BRDA:238,10,1,0
BRDA:261,11,0,1
BRDA:261,11,1,3
BRDA:261,12,0,4
BRDA:261,12,1,3
BRDA:261,13,0,3
BRDA:261,13,1,2
BRDA:268,14,0,0
BRDA:268,14,1,3
BRDA:268,15,0,3
BRDA:268,15,1,1
BRDA:279,16,0,2
BRDA:279,16,1,1
BRDA:283,17,0,1
BRDA:283,17,1,2
BRDA:284,18,0,0
BRDA:284,18,1,1
BRDA:294,19,0,1
BRDA:294,19,1,2
BRF:40
BRH:31
end_of_record
TN:
SF:src\controllers\proveedorController.js
FN:10,(anonymous_0)
FN:26,(anonymous_1)
FN:77,(anonymous_2)
FN:87,(anonymous_3)
FN:132,(anonymous_4)
FN:188,(anonymous_5)
FNF:6
FNH:6
FNDA:4,(anonymous_0)
FNDA:4,(anonymous_1)
FNDA:2,(anonymous_2)
FNDA:4,(anonymous_3)
FNDA:4,(anonymous_4)
FNDA:5,(anonymous_5)
DA:1,1
DA:7,1
DA:10,1
DA:11,4
DA:12,1
DA:16,3
DA:17,1
DA:21,2
DA:22,2
DA:26,1
DA:28,4
DA:29,4
DA:30,1
DA:33,3
DA:35,3
DA:39,3
DA:45,2
DA:46,0
DA:47,0
DA:49,0
DA:53,0
DA:55,0
DA:64,2
DA:68,2
DA:72,1
DA:77,1
DA:78,2
DA:79,2
DA:80,1
DA:82,1
DA:87,1
DA:88,4
DA:89,4
DA:90,1
DA:93,3
DA:95,3
DA:96,3
DA:97,3
DA:98,3
DA:100,3
DA:101,2
DA:102,2
DA:105,3
DA:106,1
DA:107,1
DA:111,3
DA:112,3
DA:115,3
DA:118,3
DA:120,3
DA:121,1
DA:124,2
DA:126,0
DA:132,1
DA:133,4
DA:135,4
DA:136,1
DA:139,3
DA:140,3
DA:141,1
DA:144,2
DA:146,2
DA:147,2
DA:148,2
DA:150,2
DA:152,2
DA:153,1
DA:154,1
DA:155,0
DA:157,1
DA:158,0
DA:165,2
DA:166,2
DA:167,1
DA:169,1
DA:172,1
DA:173,1
DA:174,1
DA:176,1
DA:181,1
DA:183,0
DA:188,1
DA:190,5
DA:193,5
DA:194,1
DA:197,4
DA:198,4
DA:201,2
DA:202,1
DA:204,1
DA:207,2
LF:91
LH:82
BRDA:11,0,0,1
BRDA:11,0,1,3
BRDA:16,1,0,1
BRDA:16,1,1,2
BRDA:29,2,0,1
BRDA:29,2,1,3
BRDA:45,3,0,0
BRDA:45,3,1,2
BRDA:47,4,0,0
BRDA:47,4,1,0
BRDA:53,5,0,0
BRDA:53,5,1,0
BRDA:89,6,0,1
BRDA:89,6,1,3
BRDA:100,7,0,2
BRDA:100,7,1,1
BRDA:105,8,0,1
BRDA:105,8,1,2
BRDA:111,9,0,3
BRDA:111,9,1,0
BRDA:120,10,0,1
BRDA:120,10,1,2
BRDA:120,11,0,3
BRDA:120,11,1,1
BRDA:120,11,2,0
BRDA:135,12,0,1
BRDA:135,12,1,3
BRDA:140,13,0,1
BRDA:140,13,1,2
BRDA:146,14,0,2
BRDA:146,14,1,0
BRDA:146,15,0,2
BRDA:146,15,1,0
BRDA:152,16,0,1
BRDA:152,16,1,1
BRDA:154,17,0,0
BRDA:154,17,1,1
BRDA:157,18,0,0
BRDA:157,18,1,1
BRDA:166,19,0,1
BRDA:166,19,1,1
BRDA:172,20,0,1
BRDA:172,20,1,0
BRDA:173,21,0,0
BRDA:173,21,1,1
BRDA:174,22,0,0
BRDA:174,22,1,1
BRDA:193,23,0,1
BRDA:193,23,1,4
BRDA:201,24,0,1
BRDA:201,24,1,1
BRF:51
BRH:37
end_of_record
TN:
SF:src\controllers\usuarioController.js
FN:20,(anonymous_0)
FN:70,(anonymous_1)
FN:107,(anonymous_2)
FN:163,(anonymous_3)
FNF:4
FNH:4
FNDA:3,(anonymous_0)
FNDA:4,(anonymous_1)
FNDA:3,(anonymous_2)
FNDA:4,(anonymous_3)
DA:1,1
DA:2,1
DA:3,1
DA:4,1
DA:5,1
DA:6,1
DA:8,1
DA:20,1
DA:21,3
DA:23,3
DA:24,3
DA:25,1
DA:29,2
DA:32,2
DA:35,2
DA:36,2
DA:39,2
DA:45,1
DA:48,1
DA:58,1
DA:60,1
DA:66,1
DA:70,1
DA:71,4
DA:73,4
DA:74,4
DA:75,0
DA:78,4
DA:81,4
DA:83,2
DA:86,2
DA:91,2
DA:92,1
DA:96,2
DA:98,1
DA:107,1
DA:108,3
DA:109,3
DA:112,3
DA:113,1
DA:119,2
DA:124,1
DA:125,0
DA:132,1
DA:143,1
DA:144,1
DA:146,0
DA:150,1
DA:156,1
DA:157,1
DA:163,1
DA:164,4
DA:165,4
DA:167,4
DA:168,1
DA:171,3
DA:174,3
DA:179,2
DA:180,1
DA:184,1
DA:200,1
DA:201,1
DA:203,0
DA:207,1
DA:214,1
DA:215,1
DA:221,1
LF:67
LH:63
BRDA:24,0,0,1
BRDA:24,0,1,2
BRDA:74,1,0,0
BRDA:74,1,1,4
BRDA:81,2,0,2
BRDA:81,2,1,2
BRDA:91,3,0,1
BRDA:91,3,1,1
BRDA:112,4,0,1
BRDA:112,4,1,2
BRDA:112,5,0,3
BRDA:112,5,1,3
BRDA:124,6,0,0
BRDA:124,6,1,1
BRDA:167,7,0,1
BRDA:167,7,1,3
BRDA:179,8,0,1
BRDA:179,8,1,1
BRF:18
BRH:16
end_of_record
TN:
SF:src\validators\authValidators.js
FNF:0
FNH:0
DA:2,2
DA:5,2
DA:25,2
DA:38,2
DA:56,2
DA:78,2
LF:6
LH:6
BRF:0
BRH:0
end_of_record
TN:
SF:src\validators\clienteValidator.js
FNF:0
FNH:0
DA:2,1
DA:5,1
DA:18,1
DA:32,1
DA:37,1
DA:44,1
DA:56,1
DA:61,1
LF:8
LH:8
BRF:0
BRH:0
end_of_record
TN:
SF:src\validators\locationValidators.js
FNF:0
FNH:0
DA:2,2
DA:4,2
DA:21,2
DA:25,2
LF:4
LH:4
BRF:0
BRH:0
end_of_record
TN:
SF:src\validators\movimientoValidators.js
FNF:0
FNH:0
DA:2,2
DA:5,2
DA:8,2
DA:11,2
DA:69,2
DA:81,2
LF:6
LH:6
BRF:0
BRH:0
end_of_record
TN:
SF:src\validators\productValidators.js
FNF:0
FNH:0
DA:2,2
DA:5,2
DA:8,2
DA:77,2
DA:96,2
DA:100,2
LF:6
LH:6
BRF:0
BRH:0
end_of_record
TN:
SF:src\validators\proveedorValidator.js
FNF:0
FNH:0
DA:3,2
DA:6,2
DA:19,2
DA:33,2
DA:38,2
DA:45,2
DA:55,2
DA:60,2
LF:8
LH:8
BRF:0
BRH:0
end_of_record
TN:
SF:src\validators\usuarioValidation.js
FNF:0
FNH:0
DA:2,2
DA:5,2
DA:44,2
DA:59,2
DA:94,2
DA:107,2
LF:6
LH:6
BRF:0
BRH:0
end_of_record
