TN:
SF:src\controllers\authController.js
FN:21,(anonymous_0)
FN:79,(anonymous_1)
FN:130,(anonymous_2)
FN:190,(anonymous_3)
FN:254,(anonymous_4)
FNF:5
FNH:5
FNDA:3,(anonymous_0)
FNDA:3,(anonymous_1)
FNDA:2,(anonymous_2)
FNDA:3,(anonymous_3)
FNDA:2,(anonymous_4)
DA:1,1
DA:2,1
DA:3,1
DA:4,1
DA:5,1
DA:6,1
DA:9,1
DA:21,1
DA:23,3
DA:24,3
DA:25,1
DA:28,2
DA:29,2
DA:30,2
DA:31,2
DA:33,2
DA:34,1
DA:37,1
DA:38,1
DA:40,1
DA:43,1
DA:50,1
DA:52,0
DA:62,0
DA:65,0
DA:66,0
DA:69,0
DA:71,0
DA:73,1
DA:74,1
DA:79,1
DA:81,3
DA:82,3
DA:83,1
DA:86,2
DA:87,2
DA:89,2
DA:90,2
DA:92,2
DA:93,1
DA:96,1
DA:97,1
DA:99,1
DA:103,1
DA:104,1
DA:107,1
DA:108,1
DA:117,1
DA:119,0
DA:122,1
DA:123,1
DA:127,1
DA:130,1
DA:131,2
DA:133,2
DA:134,2
DA:135,2
DA:137,2
DA:138,1
DA:142,1
DA:143,1
DA:145,1
DA:150,1
DA:157,1
DA:158,1
DA:159,0
DA:166,1
DA:167,1
DA:176,1
DA:177,1
DA:180,1
DA:183,0
DA:184,0
DA:190,1
DA:191,3
DA:192,3
DA:194,2
DA:196,2
DA:197,2
DA:198,2
DA:200,2
DA:202,1
DA:206,1
DA:209,1
DA:218,1
DA:219,0
DA:224,1
DA:229,1
DA:232,1
DA:233,1
DA:239,1
DA:240,1
DA:247,0
DA:248,0
DA:254,1
DA:256,2
DA:258,2
DA:259,1
DA:262,1
DA:264,1
DA:266,1
DA:268,0
DA:269,0
LF:103
LH:88
BRDA:24,0,0,1
BRDA:24,0,1,2
BRDA:33,1,0,1
BRDA:33,1,1,1
BRDA:82,2,0,1
BRDA:82,2,1,2
BRDA:92,3,0,1
BRDA:92,3,1,1
BRDA:137,4,0,1
BRDA:137,4,1,1
BRDA:137,5,0,2
BRDA:137,5,1,1
BRDA:192,6,0,1
BRDA:192,6,1,2
BRDA:200,7,0,1
BRDA:200,7,1,1
BRDA:206,8,0,1
BRDA:206,8,1,1
BRDA:209,9,0,0
BRDA:209,9,1,1
BRDA:218,10,0,0
BRDA:218,10,1,1
BRDA:218,11,0,1
BRDA:218,11,1,0
BRDA:232,12,0,1
BRDA:232,12,1,0
BRDA:239,13,0,1
BRDA:239,13,1,0
BRDA:258,14,0,1
BRDA:258,14,1,1
BRF:30
BRH:25
end_of_record
TN:
SF:src\validators\authValidators.js
FNF:0
FNH:0
DA:2,1
DA:5,1
DA:23,1
DA:35,1
DA:51,1
DA:71,1
LF:6
LH:6
BRF:0
BRH:0
end_of_record
